[0.025s] Invoking command in '/home/arvid/Documents/ros2/ws/build/lidar_cpp': CMAKE_PREFIX_PATH=/opt/ros/galactic /usr/bin/cmake --build /home/arvid/Documents/ros2/ws/build/lidar_cpp -- -j12 -l12
[0.057s] -- Found ament_cmake: 1.1.5 (/opt/ros/galactic/share/ament_cmake/cmake)
[0.088s] -- Using PYTHON_EXECUTABLE: /usr/bin/python3
[0.161s] -- Found rclcpp: 9.2.0 (/opt/ros/galactic/share/rclcpp/cmake)
[0.200s] -- Using all available rosidl_typesupport_c: rosidl_typesupport_fastrtps_c;rosidl_typesupport_introspection_c
[0.204s] -- Found rosidl_adapter: 2.2.1 (/opt/ros/galactic/share/rosidl_adapter/cmake)
[0.359s] -- Using all available rosidl_typesupport_cpp: rosidl_typesupport_fastrtps_cpp;rosidl_typesupport_introspection_cpp
[0.420s] -- Found rmw_implementation_cmake: 3.3.1 (/opt/ros/galactic/share/rmw_implementation_cmake/cmake)
[0.422s] -- Found rmw_cyclonedds_cpp: 0.22.4 (/opt/ros/galactic/share/rmw_cyclonedds_cpp/cmake)
[0.442s] -- Using RMW implementation 'rmw_cyclonedds_cpp' as default
[0.602s] -- Found sensor_msgs: 2.2.4 (/opt/ros/galactic/share/sensor_msgs/cmake)
[0.760s] -- Eigen found (include: /usr/include/eigen3, version: 3.3.7)
[0.868s] -- The imported target "vtkParseOGLExt" references the file
[0.868s]    "/usr/bin/vtkParseOGLExt-7.1"
[0.868s] but this file does not exist.  Possible reasons include:
[0.868s] * The file was deleted, renamed, or moved to another location.
[0.869s] * An install or uninstall procedure did not complete successfully.
[0.869s] * The installation package was faulty and contained
[0.870s]    "/usr/lib/cmake/vtk-7.1/VTKTargets.cmake"
[0.870s] but not all the files it references.
[0.870s] 
[0.870s] -- The imported target "vtkRenderingPythonTkWidgets" references the file
[0.871s]    "/usr/lib/x86_64-linux-gnu/libvtkRenderingPythonTkWidgets.so"
[0.871s] but this file does not exist.  Possible reasons include:
[0.871s] * The file was deleted, renamed, or moved to another location.
[0.871s] * An install or uninstall procedure did not complete successfully.
[0.871s] * The installation package was faulty and contained
[0.872s]    "/usr/lib/cmake/vtk-7.1/VTKTargets.cmake"
[0.872s] but not all the files it references.
[0.872s] 
[0.872s] -- The imported target "vtk" references the file
[0.872s]    "/usr/bin/vtk"
[0.873s] but this file does not exist.  Possible reasons include:
[0.873s] * The file was deleted, renamed, or moved to another location.
[0.873s] * An install or uninstall procedure did not complete successfully.
[0.873s] * The installation package was faulty and contained
[0.873s]    "/usr/lib/cmake/vtk-7.1/VTKTargets.cmake"
[0.874s] but not all the files it references.
[0.874s] 
[0.874s] -- The imported target "pvtk" references the file
[0.874s]    "/usr/bin/pvtk"
[0.874s] but this file does not exist.  Possible reasons include:
[0.875s] * The file was deleted, renamed, or moved to another location.
[0.875s] * An install or uninstall procedure did not complete successfully.
[0.875s] * The installation package was faulty and contained
[0.875s]    "/usr/lib/cmake/vtk-7.1/VTKTargets.cmake"
[0.875s] but not all the files it references.
[0.876s] 
[0.898s] -- Checking for module 'libusb-1.0'
[0.904s] --   No package 'libusb-1.0' found
[0.907s] -- Could NOT find USB_10 (missing: USB_10_LIBRARY USB_10_INCLUDE_DIR) 
[0.907s] -- OpenNI disabled because libusb-1.0 not found.
[0.908s] ** WARNING ** io features related to openni will be disabled
[0.914s] -- Checking for module 'libusb-1.0'
[0.919s] --   No package 'libusb-1.0' found
[0.923s] -- Could NOT find USB_10 (missing: USB_10_LIBRARY USB_10_INCLUDE_DIR) 
[0.924s] -- OpenNI 2 disabled because libusb-1.0 not found.
[0.924s] ** WARNING ** io features related to openni2 will be disabled
[0.924s] ** WARNING ** io features related to pcap will be disabled
[0.925s] ** WARNING ** io features related to png will be disabled
[0.944s] -- LIBUSB_1_LIBRARY (missing: LIBUSB_1_INCLUDE_DIR) 
[0.944s] ** WARNING ** io features related to libusb-1.0 will be disabled
[0.950s] -- Checking for module 'libusb-1.0'
[0.955s] --   No package 'libusb-1.0' found
[0.961s] -- Could NOT find USB_10 (missing: USB_10_LIBRARY USB_10_INCLUDE_DIR) 
[0.962s] -- OpenNI disabled because libusb-1.0 not found.
[0.962s] ** WARNING ** visualization features related to openni will be disabled
[0.968s] -- Checking for module 'libusb-1.0'
[0.973s] --   No package 'libusb-1.0' found
[0.976s] -- Could NOT find USB_10 (missing: USB_10_LIBRARY USB_10_INCLUDE_DIR) 
[0.976s] -- OpenNI 2 disabled because libusb-1.0 not found.
[0.976s] ** WARNING ** visualization features related to openni2 will be disabled
[0.994s] -- QHULL found (include: /usr/include, lib: optimized;/usr/lib/x86_64-linux-gnu/libqhull.so;debug;/usr/lib/x86_64-linux-gnu/libqhull.so)
[1.000s] -- Checking for module 'libusb-1.0'
[1.003s] --   No package 'libusb-1.0' found
[1.007s] -- Could NOT find USB_10 (missing: USB_10_LIBRARY USB_10_INCLUDE_DIR) 
[1.007s] -- OpenNI disabled because libusb-1.0 not found.
[1.007s] ** WARNING ** apps features related to openni will be disabled
[1.026s] -- looking for PCL_COMMON
[1.026s] -- looking for PCL_KDTREE
[1.027s] -- looking for PCL_OCTREE
[1.027s] -- looking for PCL_SEARCH
[1.028s] -- looking for PCL_SAMPLE_CONSENSUS
[1.028s] -- looking for PCL_FILTERS
[1.029s] -- looking for PCL_2D
[1.029s] -- looking for PCL_GEOMETRY
[1.030s] -- looking for PCL_IO
[1.031s] -- looking for PCL_FEATURES
[1.031s] -- looking for PCL_ML
[1.032s] -- looking for PCL_SEGMENTATION
[1.033s] -- looking for PCL_VISUALIZATION
[1.033s] -- looking for PCL_SURFACE
[1.034s] -- looking for PCL_REGISTRATION
[1.035s] -- looking for PCL_KEYPOINTS
[1.036s] -- looking for PCL_TRACKING
[1.036s] -- looking for PCL_RECOGNITION
[1.037s] -- looking for PCL_STEREO
[1.038s] -- looking for PCL_APPS
[1.039s] -- looking for PCL_IN_HAND_SCANNER
[1.039s] -- looking for PCL_POINT_CLOUD_EDITOR
[1.040s] -- looking for PCL_OUTOFCORE
[1.041s] -- looking for PCL_PEOPLE
[1.050s] -- Found ament_lint_auto: 0.10.6 (/opt/ros/galactic/share/ament_lint_auto/cmake)
[1.125s] -- Added test 'copyright' to check source files copyright and LICENSE
[1.126s] -- Added test 'cppcheck' to perform static code analysis on C / C++ code
[1.127s] -- Configured cppcheck include dirs: 
[1.127s] -- Configured cppcheck exclude dirs and/or files: 
[1.127s] -- Added test 'cpplint' to check C / C++ code against the Google style
[1.128s] -- Configured cpplint exclude dirs and/or files: 
[1.128s] -- Added test 'lint_cmake' to check CMake code style
[1.129s] -- Added test 'uncrustify' to check C / C++ code style
[1.129s] -- Configured uncrustify additional arguments: 
[1.130s] -- Added test 'xmllint' to check XML markup files
[1.132s] -- Configuring done
[1.142s] -- Generating done
[1.145s] -- Build files have been written to: /home/arvid/Documents/ros2/ws/build/lidar_cpp
[1.218s] [ 50%] [32m[1mLinking CXX executable lidar[0m
[1.416s] /usr/bin/ld: CMakeFiles/lidar.dir/src/lidar_publisher.cpp.o: in function `rs2::error::error(rs2_error*)':
[1.416s] lidar_publisher.cpp:(.text._ZN3rs25errorC2EP9rs2_error[_ZN3rs25errorC5EP9rs2_error]+0x32): undefined reference to `rs2_get_error_message'
[1.416s] /usr/bin/ld: lidar_publisher.cpp:(.text._ZN3rs25errorC2EP9rs2_error[_ZN3rs25errorC5EP9rs2_error]+0x77): undefined reference to `rs2_get_failed_function'
[1.417s] /usr/bin/ld: lidar_publisher.cpp:(.text._ZN3rs25errorC2EP9rs2_error[_ZN3rs25errorC5EP9rs2_error]+0x9e): undefined reference to `rs2_get_failed_function'
[1.417s] /usr/bin/ld: lidar_publisher.cpp:(.text._ZN3rs25errorC2EP9rs2_error[_ZN3rs25errorC5EP9rs2_error]+0x101): undefined reference to `rs2_get_failed_args'
[1.417s] /usr/bin/ld: lidar_publisher.cpp:(.text._ZN3rs25errorC2EP9rs2_error[_ZN3rs25errorC5EP9rs2_error]+0x128): undefined reference to `rs2_get_failed_args'
[1.417s] /usr/bin/ld: lidar_publisher.cpp:(.text._ZN3rs25errorC2EP9rs2_error[_ZN3rs25errorC5EP9rs2_error]+0x18b): undefined reference to `rs2_get_librealsense_exception_type'
[1.417s] /usr/bin/ld: lidar_publisher.cpp:(.text._ZN3rs25errorC2EP9rs2_error[_ZN3rs25errorC5EP9rs2_error]+0x19e): undefined reference to `rs2_free_error'
[1.418s] /usr/bin/ld: CMakeFiles/lidar.dir/src/lidar_publisher.cpp.o: in function `rs2::error::handle(rs2_error*)':
[1.418s] lidar_publisher.cpp:(.text._ZN3rs25error6handleEP9rs2_error[_ZN3rs25error6handleEP9rs2_error]+0x26): undefined reference to `rs2_get_librealsense_exception_type'
[1.418s] /usr/bin/ld: CMakeFiles/lidar.dir/src/lidar_publisher.cpp.o: in function `rs2::context::context()':
[1.418s] lidar_publisher.cpp:(.text._ZN3rs27contextC2Ev[_ZN3rs27contextC5Ev]+0x41): undefined reference to `rs2_create_context'
[1.418s] /usr/bin/ld: lidar_publisher.cpp:(.text._ZN3rs27contextC2Ev[_ZN3rs27contextC5Ev]+0x4f): undefined reference to `rs2_delete_context'
[1.418s] /usr/bin/ld: CMakeFiles/lidar.dir/src/lidar_publisher.cpp.o: in function `rs2::pipeline::pipeline(rs2::context)':
[1.418s] lidar_publisher.cpp:(.text._ZN3rs28pipelineC2ENS_7contextE[_ZN3rs28pipelineC5ENS_7contextE]+0x52): undefined reference to `rs2_create_pipeline'
[1.418s] /usr/bin/ld: lidar_publisher.cpp:(.text._ZN3rs28pipelineC2ENS_7contextE[_ZN3rs28pipelineC5ENS_7contextE]+0x60): undefined reference to `rs2_delete_pipeline'
[1.418s] /usr/bin/ld: CMakeFiles/lidar.dir/src/lidar_publisher.cpp.o: in function `rclcpp::Publisher<sensor_msgs::msg::PointCloud2_<std::allocator<void> >, std::allocator<void> >::Publisher(rclcpp::node_interfaces::NodeBaseInterface*, std::__cxx11::basic_string<char, std::char_traits<char>, std::allocator<char> > const&, rclcpp::QoS const&, rclcpp::PublisherOptionsWithAllocator<std::allocator<void> > const&)':
[1.419s] lidar_publisher.cpp:(.text._ZN6rclcpp9PublisherIN11sensor_msgs3msg12PointCloud2_ISaIvEEES4_EC2EPNS_15node_interfaces17NodeBaseInterfaceERKNSt7__cxx1112basic_stringIcSt11char_traitsIcESaIcEEERKNS_3QoSERKNS_29PublisherOptionsWithAllocatorIS4_EE[_ZN6rclcpp9PublisherIN11sensor_msgs3msg12PointCloud2_ISaIvEEES4_EC5EPNS_15node_interfaces17NodeBaseInterfaceERKNSt7__cxx1112basic_stringIcSt11char_traitsIcESaIcEEERKNS_3QoSERKNS_29PublisherOptionsWithAllocatorIS4_EE]+0x6e): undefined reference to `rosidl_message_type_support_t const* rosidl_typesupport_cpp::get_message_type_support_handle<sensor_msgs::msg::PointCloud2_<std::allocator<void> > >()'
[1.419s] collect2: error: ld returned 1 exit status
[1.420s] make[2]: *** [CMakeFiles/lidar.dir/build.make:145: lidar] Error 1
[1.420s] make[1]: *** [CMakeFiles/Makefile2:78: CMakeFiles/lidar.dir/all] Error 2
[1.421s] make: *** [Makefile:141: all] Error 2
[1.424s] Invoked command in '/home/arvid/Documents/ros2/ws/build/lidar_cpp' returned '2': CMAKE_PREFIX_PATH=/opt/ros/galactic /usr/bin/cmake --build /home/arvid/Documents/ros2/ws/build/lidar_cpp -- -j12 -l12
