[0.024s] Invoking command in '/home/arvid/Documents/ros2/ws/build/lidar_cpp': CMAKE_PREFIX_PATH=/opt/ros/galactic /usr/bin/cmake --build /home/arvid/Documents/ros2/ws/build/lidar_cpp -- -j12 -l12
[0.064s] -- Found ament_cmake: 1.1.5 (/opt/ros/galactic/share/ament_cmake/cmake)
[0.090s] -- Using PYTHON_EXECUTABLE: /usr/bin/python3
[0.165s] -- Found rclcpp: 9.2.0 (/opt/ros/galactic/share/rclcpp/cmake)
[0.203s] -- Using all available rosidl_typesupport_c: rosidl_typesupport_fastrtps_c;rosidl_typesupport_introspection_c
[0.207s] -- Found rosidl_adapter: 2.2.1 (/opt/ros/galactic/share/rosidl_adapter/cmake)
[0.365s] -- Using all available rosidl_typesupport_cpp: rosidl_typesupport_fastrtps_cpp;rosidl_typesupport_introspection_cpp
[0.424s] -- Found rmw_implementation_cmake: 3.3.1 (/opt/ros/galactic/share/rmw_implementation_cmake/cmake)
[0.425s] -- Found rmw_cyclonedds_cpp: 0.22.4 (/opt/ros/galactic/share/rmw_cyclonedds_cpp/cmake)
[0.445s] -- Using RMW implementation 'rmw_cyclonedds_cpp' as default
[0.605s] -- Found sensor_msgs: 2.2.4 (/opt/ros/galactic/share/sensor_msgs/cmake)
[0.755s] -- Eigen found (include: /usr/include/eigen3, version: 3.3.7)
[0.861s] -- The imported target "vtkParseOGLExt" references the file
[0.861s]    "/usr/bin/vtkParseOGLExt-7.1"
[0.862s] but this file does not exist.  Possible reasons include:
[0.862s] * The file was deleted, renamed, or moved to another location.
[0.862s] * An install or uninstall procedure did not complete successfully.
[0.862s] * The installation package was faulty and contained
[0.863s]    "/usr/lib/cmake/vtk-7.1/VTKTargets.cmake"
[0.863s] but not all the files it references.
[0.863s] 
[0.863s] -- The imported target "vtkRenderingPythonTkWidgets" references the file
[0.864s]    "/usr/lib/x86_64-linux-gnu/libvtkRenderingPythonTkWidgets.so"
[0.864s] but this file does not exist.  Possible reasons include:
[0.864s] * The file was deleted, renamed, or moved to another location.
[0.864s] * An install or uninstall procedure did not complete successfully.
[0.864s] * The installation package was faulty and contained
[0.865s]    "/usr/lib/cmake/vtk-7.1/VTKTargets.cmake"
[0.865s] but not all the files it references.
[0.865s] 
[0.865s] -- The imported target "vtk" references the file
[0.865s]    "/usr/bin/vtk"
[0.866s] but this file does not exist.  Possible reasons include:
[0.866s] * The file was deleted, renamed, or moved to another location.
[0.866s] * An install or uninstall procedure did not complete successfully.
[0.866s] * The installation package was faulty and contained
[0.866s]    "/usr/lib/cmake/vtk-7.1/VTKTargets.cmake"
[0.867s] but not all the files it references.
[0.867s] 
[0.867s] -- The imported target "pvtk" references the file
[0.867s]    "/usr/bin/pvtk"
[0.868s] but this file does not exist.  Possible reasons include:
[0.868s] * The file was deleted, renamed, or moved to another location.
[0.868s] * An install or uninstall procedure did not complete successfully.
[0.869s] * The installation package was faulty and contained
[0.869s]    "/usr/lib/cmake/vtk-7.1/VTKTargets.cmake"
[0.869s] but not all the files it references.
[0.870s] 
[0.889s] -- Checking for module 'libusb-1.0'
[0.895s] --   No package 'libusb-1.0' found
[0.899s] -- Could NOT find USB_10 (missing: USB_10_LIBRARY USB_10_INCLUDE_DIR) 
[0.899s] -- OpenNI disabled because libusb-1.0 not found.
[0.900s] ** WARNING ** io features related to openni will be disabled
[0.908s] -- Checking for module 'libusb-1.0'
[0.913s] --   No package 'libusb-1.0' found
[0.920s] -- Could NOT find USB_10 (missing: USB_10_LIBRARY USB_10_INCLUDE_DIR) 
[0.920s] -- OpenNI 2 disabled because libusb-1.0 not found.
[0.920s] ** WARNING ** io features related to openni2 will be disabled
[0.921s] ** WARNING ** io features related to pcap will be disabled
[0.921s] ** WARNING ** io features related to png will be disabled
[0.943s] -- LIBUSB_1_LIBRARY (missing: LIBUSB_1_INCLUDE_DIR) 
[0.943s] ** WARNING ** io features related to libusb-1.0 will be disabled
[0.952s] -- Checking for module 'libusb-1.0'
[0.958s] --   No package 'libusb-1.0' found
[0.965s] -- Could NOT find USB_10 (missing: USB_10_LIBRARY USB_10_INCLUDE_DIR) 
[0.965s] -- OpenNI disabled because libusb-1.0 not found.
[0.965s] ** WARNING ** visualization features related to openni will be disabled
[0.974s] -- Checking for module 'libusb-1.0'
[0.981s] --   No package 'libusb-1.0' found
[0.985s] -- Could NOT find USB_10 (missing: USB_10_LIBRARY USB_10_INCLUDE_DIR) 
[0.985s] -- OpenNI 2 disabled because libusb-1.0 not found.
[0.985s] ** WARNING ** visualization features related to openni2 will be disabled
[1.005s] -- QHULL found (include: /usr/include, lib: optimized;/usr/lib/x86_64-linux-gnu/libqhull.so;debug;/usr/lib/x86_64-linux-gnu/libqhull.so)
[1.011s] -- Checking for module 'libusb-1.0'
[1.017s] --   No package 'libusb-1.0' found
[1.024s] -- Could NOT find USB_10 (missing: USB_10_LIBRARY USB_10_INCLUDE_DIR) 
[1.024s] -- OpenNI disabled because libusb-1.0 not found.
[1.024s] ** WARNING ** apps features related to openni will be disabled
[1.045s] -- looking for PCL_COMMON
[1.045s] -- looking for PCL_KDTREE
[1.046s] -- looking for PCL_OCTREE
[1.046s] -- looking for PCL_SEARCH
[1.047s] -- looking for PCL_SAMPLE_CONSENSUS
[1.047s] -- looking for PCL_FILTERS
[1.048s] -- looking for PCL_2D
[1.048s] -- looking for PCL_GEOMETRY
[1.049s] -- looking for PCL_IO
[1.049s] -- looking for PCL_FEATURES
[1.050s] -- looking for PCL_ML
[1.051s] -- looking for PCL_SEGMENTATION
[1.051s] -- looking for PCL_VISUALIZATION
[1.052s] -- looking for PCL_SURFACE
[1.053s] -- looking for PCL_REGISTRATION
[1.053s] -- looking for PCL_KEYPOINTS
[1.054s] -- looking for PCL_TRACKING
[1.055s] -- looking for PCL_RECOGNITION
[1.056s] -- looking for PCL_STEREO
[1.056s] -- looking for PCL_APPS
[1.057s] -- looking for PCL_IN_HAND_SCANNER
[1.058s] -- looking for PCL_POINT_CLOUD_EDITOR
[1.058s] -- looking for PCL_OUTOFCORE
[1.059s] -- looking for PCL_PEOPLE
[1.068s] -- Found ament_lint_auto: 0.10.6 (/opt/ros/galactic/share/ament_lint_auto/cmake)
[1.147s] -- Added test 'copyright' to check source files copyright and LICENSE
[1.147s] -- Added test 'cppcheck' to perform static code analysis on C / C++ code
[1.148s] -- Configured cppcheck include dirs: 
[1.148s] -- Configured cppcheck exclude dirs and/or files: 
[1.148s] -- Added test 'cpplint' to check C / C++ code against the Google style
[1.149s] -- Configured cpplint exclude dirs and/or files: 
[1.149s] -- Added test 'lint_cmake' to check CMake code style
[1.150s] -- Added test 'uncrustify' to check C / C++ code style
[1.150s] -- Configured uncrustify additional arguments: 
[1.150s] -- Added test 'xmllint' to check XML markup files
[1.153s] -- Configuring done
[1.163s] -- Generating done
[1.165s] -- Build files have been written to: /home/arvid/Documents/ros2/ws/build/lidar_cpp
[1.233s] [ 50%] [32m[1mLinking CXX executable lidar[0m
[1.430s] /usr/bin/ld: CMakeFiles/lidar.dir/src/lidar_publisher.cpp.o: in function `rs2::error::error(rs2_error*)':
[1.430s] lidar_publisher.cpp:(.text._ZN3rs25errorC2EP9rs2_error[_ZN3rs25errorC5EP9rs2_error]+0x32): undefined reference to `rs2_get_error_message'
[1.430s] /usr/bin/ld: lidar_publisher.cpp:(.text._ZN3rs25errorC2EP9rs2_error[_ZN3rs25errorC5EP9rs2_error]+0x77): undefined reference to `rs2_get_failed_function'
[1.431s] /usr/bin/ld: lidar_publisher.cpp:(.text._ZN3rs25errorC2EP9rs2_error[_ZN3rs25errorC5EP9rs2_error]+0x9e): undefined reference to `rs2_get_failed_function'
[1.431s] /usr/bin/ld: lidar_publisher.cpp:(.text._ZN3rs25errorC2EP9rs2_error[_ZN3rs25errorC5EP9rs2_error]+0x101): undefined reference to `rs2_get_failed_args'
[1.431s] /usr/bin/ld: lidar_publisher.cpp:(.text._ZN3rs25errorC2EP9rs2_error[_ZN3rs25errorC5EP9rs2_error]+0x128): undefined reference to `rs2_get_failed_args'
[1.431s] /usr/bin/ld: lidar_publisher.cpp:(.text._ZN3rs25errorC2EP9rs2_error[_ZN3rs25errorC5EP9rs2_error]+0x18b): undefined reference to `rs2_get_librealsense_exception_type'
[1.432s] /usr/bin/ld: lidar_publisher.cpp:(.text._ZN3rs25errorC2EP9rs2_error[_ZN3rs25errorC5EP9rs2_error]+0x19e): undefined reference to `rs2_free_error'
[1.432s] /usr/bin/ld: CMakeFiles/lidar.dir/src/lidar_publisher.cpp.o: in function `rs2::error::handle(rs2_error*)':
[1.432s] lidar_publisher.cpp:(.text._ZN3rs25error6handleEP9rs2_error[_ZN3rs25error6handleEP9rs2_error]+0x26): undefined reference to `rs2_get_librealsense_exception_type'
[1.432s] /usr/bin/ld: CMakeFiles/lidar.dir/src/lidar_publisher.cpp.o: in function `rs2::context::context()':
[1.433s] lidar_publisher.cpp:(.text._ZN3rs27contextC2Ev[_ZN3rs27contextC5Ev]+0x41): undefined reference to `rs2_create_context'
[1.433s] /usr/bin/ld: lidar_publisher.cpp:(.text._ZN3rs27contextC2Ev[_ZN3rs27contextC5Ev]+0x4f): undefined reference to `rs2_delete_context'
[1.433s] /usr/bin/ld: CMakeFiles/lidar.dir/src/lidar_publisher.cpp.o: in function `rs2::pipeline::pipeline(rs2::context)':
[1.433s] lidar_publisher.cpp:(.text._ZN3rs28pipelineC2ENS_7contextE[_ZN3rs28pipelineC5ENS_7contextE]+0x52): undefined reference to `rs2_create_pipeline'
[1.434s] /usr/bin/ld: lidar_publisher.cpp:(.text._ZN3rs28pipelineC2ENS_7contextE[_ZN3rs28pipelineC5ENS_7contextE]+0x60): undefined reference to `rs2_delete_pipeline'
[1.434s] /usr/bin/ld: CMakeFiles/lidar.dir/src/lidar_publisher.cpp.o: in function `rclcpp::Publisher<sensor_msgs::msg::PointCloud2_<std::allocator<void> >, std::allocator<void> >::Publisher(rclcpp::node_interfaces::NodeBaseInterface*, std::__cxx11::basic_string<char, std::char_traits<char>, std::allocator<char> > const&, rclcpp::QoS const&, rclcpp::PublisherOptionsWithAllocator<std::allocator<void> > const&)':
[1.434s] lidar_publisher.cpp:(.text._ZN6rclcpp9PublisherIN11sensor_msgs3msg12PointCloud2_ISaIvEEES4_EC2EPNS_15node_interfaces17NodeBaseInterfaceERKNSt7__cxx1112basic_stringIcSt11char_traitsIcESaIcEEERKNS_3QoSERKNS_29PublisherOptionsWithAllocatorIS4_EE[_ZN6rclcpp9PublisherIN11sensor_msgs3msg12PointCloud2_ISaIvEEES4_EC5EPNS_15node_interfaces17NodeBaseInterfaceERKNSt7__cxx1112basic_stringIcSt11char_traitsIcESaIcEEERKNS_3QoSERKNS_29PublisherOptionsWithAllocatorIS4_EE]+0x6e): undefined reference to `rosidl_message_type_support_t const* rosidl_typesupport_cpp::get_message_type_support_handle<sensor_msgs::msg::PointCloud2_<std::allocator<void> > >()'
[1.434s] collect2: error: ld returned 1 exit status
[1.435s] make[2]: *** [CMakeFiles/lidar.dir/build.make:145: lidar] Error 1
[1.435s] make[1]: *** [CMakeFiles/Makefile2:78: CMakeFiles/lidar.dir/all] Error 2
[1.435s] make: *** [Makefile:141: all] Error 2
[1.439s] Invoked command in '/home/arvid/Documents/ros2/ws/build/lidar_cpp' returned '2': CMAKE_PREFIX_PATH=/opt/ros/galactic /usr/bin/cmake --build /home/arvid/Documents/ros2/ws/build/lidar_cpp -- -j12 -l12
