[0.031s] Invoking command in '/home/arvid/Documents/ros2/ws/build/lidar_cpp': CMAKE_PREFIX_PATH=/opt/ros/galactic /usr/bin/cmake --build /home/arvid/Documents/ros2/ws/build/lidar_cpp -- -j12 -l12
[0.066s] -- Found ament_cmake: 1.1.5 (/opt/ros/galactic/share/ament_cmake/cmake)
[0.093s] -- Using PYTHON_EXECUTABLE: /usr/bin/python3
[0.152s] -- Found rclcpp: 9.2.0 (/opt/ros/galactic/share/rclcpp/cmake)
[0.191s] -- Using all available rosidl_typesupport_c: rosidl_typesupport_fastrtps_c;rosidl_typesupport_introspection_c
[0.195s] -- Found rosidl_adapter: 2.2.1 (/opt/ros/galactic/share/rosidl_adapter/cmake)
[0.335s] -- Using all available rosidl_typesupport_cpp: rosidl_typesupport_fastrtps_cpp;rosidl_typesupport_introspection_cpp
[0.393s] -- Found rmw_implementation_cmake: 3.3.1 (/opt/ros/galactic/share/rmw_implementation_cmake/cmake)
[0.395s] -- Found rmw_cyclonedds_cpp: 0.22.4 (/opt/ros/galactic/share/rmw_cyclonedds_cpp/cmake)
[0.426s] -- Using RMW implementation 'rmw_cyclonedds_cpp' as default
[0.607s] -- Found sensor_msgs: 2.2.4 (/opt/ros/galactic/share/sensor_msgs/cmake)
[0.764s] -- Eigen found (include: /usr/include/eigen3, version: 3.3.7)
[0.880s] -- The imported target "vtkParseOGLExt" references the file
[0.880s]    "/usr/bin/vtkParseOGLExt-7.1"
[0.881s] but this file does not exist.  Possible reasons include:
[0.881s] * The file was deleted, renamed, or moved to another location.
[0.881s] * An install or uninstall procedure did not complete successfully.
[0.881s] * The installation package was faulty and contained
[0.881s]    "/usr/lib/cmake/vtk-7.1/VTKTargets.cmake"
[0.882s] but not all the files it references.
[0.882s] 
[0.882s] -- The imported target "vtkRenderingPythonTkWidgets" references the file
[0.882s]    "/usr/lib/x86_64-linux-gnu/libvtkRenderingPythonTkWidgets.so"
[0.883s] but this file does not exist.  Possible reasons include:
[0.883s] * The file was deleted, renamed, or moved to another location.
[0.883s] * An install or uninstall procedure did not complete successfully.
[0.883s] * The installation package was faulty and contained
[0.883s]    "/usr/lib/cmake/vtk-7.1/VTKTargets.cmake"
[0.884s] but not all the files it references.
[0.884s] 
[0.884s] -- The imported target "vtk" references the file
[0.884s]    "/usr/bin/vtk"
[0.884s] but this file does not exist.  Possible reasons include:
[0.885s] * The file was deleted, renamed, or moved to another location.
[0.885s] * An install or uninstall procedure did not complete successfully.
[0.885s] * The installation package was faulty and contained
[0.885s]    "/usr/lib/cmake/vtk-7.1/VTKTargets.cmake"
[0.885s] but not all the files it references.
[0.886s] 
[0.886s] -- The imported target "pvtk" references the file
[0.886s]    "/usr/bin/pvtk"
[0.886s] but this file does not exist.  Possible reasons include:
[0.886s] * The file was deleted, renamed, or moved to another location.
[0.887s] * An install or uninstall procedure did not complete successfully.
[0.887s] * The installation package was faulty and contained
[0.887s]    "/usr/lib/cmake/vtk-7.1/VTKTargets.cmake"
[0.887s] but not all the files it references.
[0.888s] 
[0.911s] -- Checking for module 'libusb-1.0'
[0.917s] --   No package 'libusb-1.0' found
[0.920s] -- Could NOT find USB_10 (missing: USB_10_LIBRARY USB_10_INCLUDE_DIR) 
[0.921s] -- OpenNI disabled because libusb-1.0 not found.
[0.921s] ** WARNING ** io features related to openni will be disabled
[0.926s] -- Checking for module 'libusb-1.0'
[0.932s] --   No package 'libusb-1.0' found
[0.939s] -- Could NOT find USB_10 (missing: USB_10_LIBRARY USB_10_INCLUDE_DIR) 
[0.940s] -- OpenNI 2 disabled because libusb-1.0 not found.
[0.940s] ** WARNING ** io features related to openni2 will be disabled
[0.940s] ** WARNING ** io features related to pcap will be disabled
[0.941s] ** WARNING ** io features related to png will be disabled
[0.960s] -- LIBUSB_1_LIBRARY (missing: LIBUSB_1_INCLUDE_DIR) 
[0.960s] ** WARNING ** io features related to libusb-1.0 will be disabled
[0.969s] -- Checking for module 'libusb-1.0'
[0.975s] --   No package 'libusb-1.0' found
[0.982s] -- Could NOT find USB_10 (missing: USB_10_LIBRARY USB_10_INCLUDE_DIR) 
[0.982s] -- OpenNI disabled because libusb-1.0 not found.
[0.982s] ** WARNING ** visualization features related to openni will be disabled
[0.991s] -- Checking for module 'libusb-1.0'
[0.997s] --   No package 'libusb-1.0' found
[1.003s] -- Could NOT find USB_10 (missing: USB_10_LIBRARY USB_10_INCLUDE_DIR) 
[1.004s] -- OpenNI 2 disabled because libusb-1.0 not found.
[1.004s] ** WARNING ** visualization features related to openni2 will be disabled
[1.023s] -- QHULL found (include: /usr/include, lib: optimized;/usr/lib/x86_64-linux-gnu/libqhull.so;debug;/usr/lib/x86_64-linux-gnu/libqhull.so)
[1.032s] -- Checking for module 'libusb-1.0'
[1.037s] --   No package 'libusb-1.0' found
[1.044s] -- Could NOT find USB_10 (missing: USB_10_LIBRARY USB_10_INCLUDE_DIR) 
[1.044s] -- OpenNI disabled because libusb-1.0 not found.
[1.044s] ** WARNING ** apps features related to openni will be disabled
[1.065s] -- looking for PCL_COMMON
[1.065s] -- looking for PCL_KDTREE
[1.066s] -- looking for PCL_OCTREE
[1.066s] -- looking for PCL_SEARCH
[1.067s] -- looking for PCL_SAMPLE_CONSENSUS
[1.067s] -- looking for PCL_FILTERS
[1.068s] -- looking for PCL_2D
[1.068s] -- looking for PCL_GEOMETRY
[1.069s] -- looking for PCL_IO
[1.069s] -- looking for PCL_FEATURES
[1.070s] -- looking for PCL_ML
[1.071s] -- looking for PCL_SEGMENTATION
[1.071s] -- looking for PCL_VISUALIZATION
[1.072s] -- looking for PCL_SURFACE
[1.073s] -- looking for PCL_REGISTRATION
[1.073s] -- looking for PCL_KEYPOINTS
[1.074s] -- looking for PCL_TRACKING
[1.075s] -- looking for PCL_RECOGNITION
[1.076s] -- looking for PCL_STEREO
[1.076s] -- looking for PCL_APPS
[1.078s] -- looking for PCL_IN_HAND_SCANNER
[1.078s] -- looking for PCL_POINT_CLOUD_EDITOR
[1.078s] -- looking for PCL_OUTOFCORE
[1.079s] -- looking for PCL_PEOPLE
[1.088s] -- Found ament_lint_auto: 0.10.6 (/opt/ros/galactic/share/ament_lint_auto/cmake)
[1.165s] -- Added test 'copyright' to check source files copyright and LICENSE
[1.166s] -- Added test 'cppcheck' to perform static code analysis on C / C++ code
[1.166s] -- Configured cppcheck include dirs: /home/arvid/Documents/ros2/ws/src/lidar_cpp/include
[1.166s] -- Configured cppcheck exclude dirs and/or files: 
[1.167s] -- Added test 'cpplint' to check C / C++ code against the Google style
[1.167s] -- Configured cpplint exclude dirs and/or files: 
[1.167s] -- Added test 'lint_cmake' to check CMake code style
[1.168s] -- Added test 'uncrustify' to check C / C++ code style
[1.168s] -- Configured uncrustify additional arguments: 
[1.168s] -- Added test 'xmllint' to check XML markup files
[1.171s] -- Configuring done
[1.182s] -- Generating done
[1.184s] -- Build files have been written to: /home/arvid/Documents/ros2/ws/build/lidar_cpp
[1.255s] [ 50%] [32m[1mLinking CXX executable lidar[0m
[1.462s] /usr/bin/ld: CMakeFiles/lidar.dir/src/lidar_publisher.cpp.o: in function `rs2::error::error(rs2_error*)':
[1.463s] lidar_publisher.cpp:(.text._ZN3rs25errorC2EP9rs2_error[_ZN3rs25errorC5EP9rs2_error]+0x32): undefined reference to `rs2_get_error_message'
[1.463s] /usr/bin/ld: lidar_publisher.cpp:(.text._ZN3rs25errorC2EP9rs2_error[_ZN3rs25errorC5EP9rs2_error]+0x77): undefined reference to `rs2_get_failed_function'
[1.463s] /usr/bin/ld: lidar_publisher.cpp:(.text._ZN3rs25errorC2EP9rs2_error[_ZN3rs25errorC5EP9rs2_error]+0x9e): undefined reference to `rs2_get_failed_function'
[1.463s] /usr/bin/ld: lidar_publisher.cpp:(.text._ZN3rs25errorC2EP9rs2_error[_ZN3rs25errorC5EP9rs2_error]+0x101): undefined reference to `rs2_get_failed_args'
[1.463s] /usr/bin/ld: lidar_publisher.cpp:(.text._ZN3rs25errorC2EP9rs2_error[_ZN3rs25errorC5EP9rs2_error]+0x128): undefined reference to `rs2_get_failed_args'
[1.463s] /usr/bin/ld: lidar_publisher.cpp:(.text._ZN3rs25errorC2EP9rs2_error[_ZN3rs25errorC5EP9rs2_error]+0x18b): undefined reference to `rs2_get_librealsense_exception_type'
[1.463s] /usr/bin/ld: lidar_publisher.cpp:(.text._ZN3rs25errorC2EP9rs2_error[_ZN3rs25errorC5EP9rs2_error]+0x19e): undefined reference to `rs2_free_error'
[1.463s] /usr/bin/ld: CMakeFiles/lidar.dir/src/lidar_publisher.cpp.o: in function `rs2::error::handle(rs2_error*)':
[1.464s] lidar_publisher.cpp:(.text._ZN3rs25error6handleEP9rs2_error[_ZN3rs25error6handleEP9rs2_error]+0x26): undefined reference to `rs2_get_librealsense_exception_type'
[1.464s] /usr/bin/ld: CMakeFiles/lidar.dir/src/lidar_publisher.cpp.o: in function `rs2::context::context()':
[1.464s] lidar_publisher.cpp:(.text._ZN3rs27contextC2Ev[_ZN3rs27contextC5Ev]+0x41): undefined reference to `rs2_create_context'
[1.464s] /usr/bin/ld: lidar_publisher.cpp:(.text._ZN3rs27contextC2Ev[_ZN3rs27contextC5Ev]+0x4f): undefined reference to `rs2_delete_context'
[1.464s] /usr/bin/ld: CMakeFiles/lidar.dir/src/lidar_publisher.cpp.o: in function `rs2::pipeline::pipeline(rs2::context)':
[1.464s] lidar_publisher.cpp:(.text._ZN3rs28pipelineC2ENS_7contextE[_ZN3rs28pipelineC5ENS_7contextE]+0x52): undefined reference to `rs2_create_pipeline'
[1.464s] /usr/bin/ld: lidar_publisher.cpp:(.text._ZN3rs28pipelineC2ENS_7contextE[_ZN3rs28pipelineC5ENS_7contextE]+0x60): undefined reference to `rs2_delete_pipeline'
[1.464s] collect2: error: ld returned 1 exit status
[1.466s] make[2]: *** [CMakeFiles/lidar.dir/build.make:155: lidar] Error 1
[1.466s] make[1]: *** [CMakeFiles/Makefile2:78: CMakeFiles/lidar.dir/all] Error 2
[1.467s] make: *** [Makefile:141: all] Error 2
[1.470s] Invoked command in '/home/arvid/Documents/ros2/ws/build/lidar_cpp' returned '2': CMAKE_PREFIX_PATH=/opt/ros/galactic /usr/bin/cmake --build /home/arvid/Documents/ros2/ws/build/lidar_cpp -- -j12 -l12
