[0.023s] Invoking command in '/home/arvid/Documents/ros2/ws/build/lidar_cpp': CMAKE_PREFIX_PATH=/opt/ros/galactic /usr/bin/cmake /home/arvid/Documents/ros2/ws/src/lidar_cpp -DCMAKE_INSTALL_PREFIX=/home/arvid/Documents/ros2/ws/install/lidar_cpp
[0.048s] -- Found ament_cmake: 1.1.5 (/opt/ros/galactic/share/ament_cmake/cmake)
[0.076s] -- Using PYTHON_EXECUTABLE: /usr/bin/python3
[0.141s] -- Found rclcpp: 9.2.0 (/opt/ros/galactic/share/rclcpp/cmake)
[0.182s] -- Using all available rosidl_typesupport_c: rosidl_typesupport_fastrtps_c;rosidl_typesupport_introspection_c
[0.186s] -- Found rosidl_adapter: 2.2.1 (/opt/ros/galactic/share/rosidl_adapter/cmake)
[0.324s] -- Using all available rosidl_typesupport_cpp: rosidl_typesupport_fastrtps_cpp;rosidl_typesupport_introspection_cpp
[0.382s] -- Found rmw_implementation_cmake: 3.3.1 (/opt/ros/galactic/share/rmw_implementation_cmake/cmake)
[0.383s] -- Found rmw_cyclonedds_cpp: 0.22.4 (/opt/ros/galactic/share/rmw_cyclonedds_cpp/cmake)
[0.407s] -- Using RMW implementation 'rmw_cyclonedds_cpp' as default
[0.567s] -- Found sensor_msgs: 2.2.4 (/opt/ros/galactic/share/sensor_msgs/cmake)
[0.713s] -- Eigen found (include: /usr/include/eigen3, version: 3.3.7)
[0.821s] -- The imported target "vtkParseOGLExt" references the file
[0.821s]    "/usr/bin/vtkParseOGLExt-7.1"
[0.821s] but this file does not exist.  Possible reasons include:
[0.821s] * The file was deleted, renamed, or moved to another location.
[0.821s] * An install or uninstall procedure did not complete successfully.
[0.821s] * The installation package was faulty and contained
[0.821s]    "/usr/lib/cmake/vtk-7.1/VTKTargets.cmake"
[0.821s] but not all the files it references.
[0.821s] 
[0.822s] -- The imported target "vtkRenderingPythonTkWidgets" references the file
[0.822s]    "/usr/lib/x86_64-linux-gnu/libvtkRenderingPythonTkWidgets.so"
[0.822s] but this file does not exist.  Possible reasons include:
[0.822s] * The file was deleted, renamed, or moved to another location.
[0.822s] * An install or uninstall procedure did not complete successfully.
[0.822s] * The installation package was faulty and contained
[0.822s]    "/usr/lib/cmake/vtk-7.1/VTKTargets.cmake"
[0.822s] but not all the files it references.
[0.822s] 
[0.822s] -- The imported target "vtk" references the file
[0.823s]    "/usr/bin/vtk"
[0.823s] but this file does not exist.  Possible reasons include:
[0.823s] * The file was deleted, renamed, or moved to another location.
[0.823s] * An install or uninstall procedure did not complete successfully.
[0.823s] * The installation package was faulty and contained
[0.823s]    "/usr/lib/cmake/vtk-7.1/VTKTargets.cmake"
[0.823s] but not all the files it references.
[0.823s] 
[0.823s] -- The imported target "pvtk" references the file
[0.823s]    "/usr/bin/pvtk"
[0.823s] but this file does not exist.  Possible reasons include:
[0.824s] * The file was deleted, renamed, or moved to another location.
[0.824s] * An install or uninstall procedure did not complete successfully.
[0.824s] * The installation package was faulty and contained
[0.824s]    "/usr/lib/cmake/vtk-7.1/VTKTargets.cmake"
[0.824s] but not all the files it references.
[0.825s] 
[0.850s] -- Checking for module 'libusb-1.0'
[0.857s] --   No package 'libusb-1.0' found
[0.864s] -- Could NOT find USB_10 (missing: USB_10_LIBRARY USB_10_INCLUDE_DIR) 
[0.864s] -- OpenNI disabled because libusb-1.0 not found.
[0.865s] ** WARNING ** io features related to openni will be disabled
[0.875s] -- Checking for module 'libusb-1.0'
[0.879s] --   No package 'libusb-1.0' found
[0.885s] -- Could NOT find USB_10 (missing: USB_10_LIBRARY USB_10_INCLUDE_DIR) 
[0.885s] -- OpenNI 2 disabled because libusb-1.0 not found.
[0.886s] ** WARNING ** io features related to openni2 will be disabled
[0.886s] ** WARNING ** io features related to pcap will be disabled
[0.886s] ** WARNING ** io features related to png will be disabled
[0.906s] -- LIBUSB_1_LIBRARY (missing: LIBUSB_1_INCLUDE_DIR) 
[0.906s] ** WARNING ** io features related to libusb-1.0 will be disabled
[0.914s] -- Checking for module 'libusb-1.0'
[0.917s] --   No package 'libusb-1.0' found
[0.921s] -- Could NOT find USB_10 (missing: USB_10_LIBRARY USB_10_INCLUDE_DIR) 
[0.922s] -- OpenNI disabled because libusb-1.0 not found.
[0.922s] ** WARNING ** visualization features related to openni will be disabled
[0.929s] -- Checking for module 'libusb-1.0'
[0.932s] --   No package 'libusb-1.0' found
[0.936s] -- Could NOT find USB_10 (missing: USB_10_LIBRARY USB_10_INCLUDE_DIR) 
[0.936s] -- OpenNI 2 disabled because libusb-1.0 not found.
[0.937s] ** WARNING ** visualization features related to openni2 will be disabled
[0.958s] -- QHULL found (include: /usr/include, lib: optimized;/usr/lib/x86_64-linux-gnu/libqhull.so;debug;/usr/lib/x86_64-linux-gnu/libqhull.so)
[0.964s] -- Checking for module 'libusb-1.0'
[0.967s] --   No package 'libusb-1.0' found
[0.973s] -- Could NOT find USB_10 (missing: USB_10_LIBRARY USB_10_INCLUDE_DIR) 
[0.974s] -- OpenNI disabled because libusb-1.0 not found.
[0.974s] ** WARNING ** apps features related to openni will be disabled
[0.991s] -- looking for PCL_COMMON
[0.992s] -- looking for PCL_KDTREE
[0.993s] -- looking for PCL_OCTREE
[0.993s] -- looking for PCL_SEARCH
[0.994s] -- looking for PCL_SAMPLE_CONSENSUS
[0.994s] -- looking for PCL_FILTERS
[0.995s] -- looking for PCL_2D
[0.996s] -- looking for PCL_GEOMETRY
[0.996s] -- looking for PCL_IO
[0.997s] -- looking for PCL_FEATURES
[0.997s] -- looking for PCL_ML
[0.998s] -- looking for PCL_SEGMENTATION
[0.999s] -- looking for PCL_VISUALIZATION
[0.999s] -- looking for PCL_SURFACE
[1.000s] -- looking for PCL_REGISTRATION
[1.001s] -- looking for PCL_KEYPOINTS
[1.002s] -- looking for PCL_TRACKING
[1.003s] -- looking for PCL_RECOGNITION
[1.003s] -- looking for PCL_STEREO
[1.004s] -- looking for PCL_APPS
[1.005s] -- looking for PCL_IN_HAND_SCANNER
[1.006s] -- looking for PCL_POINT_CLOUD_EDITOR
[1.006s] -- looking for PCL_OUTOFCORE
[1.007s] -- looking for PCL_PEOPLE
[1.017s] -- Found ament_lint_auto: 0.10.6 (/opt/ros/galactic/share/ament_lint_auto/cmake)
[1.091s] -- Added test 'copyright' to check source files copyright and LICENSE
[1.091s] -- Added test 'cppcheck' to perform static code analysis on C / C++ code
[1.092s] -- Configured cppcheck include dirs: 
[1.092s] -- Configured cppcheck exclude dirs and/or files: 
[1.093s] -- Added test 'cpplint' to check C / C++ code against the Google style
[1.093s] -- Configured cpplint exclude dirs and/or files: 
[1.093s] -- Added test 'lint_cmake' to check CMake code style
[1.094s] -- Added test 'uncrustify' to check C / C++ code style
[1.094s] -- Configured uncrustify additional arguments: 
[1.094s] -- Added test 'xmllint' to check XML markup files
[1.097s] -- Configuring done
[1.110s] -- Generating done
[1.111s] -- Build files have been written to: /home/arvid/Documents/ros2/ws/build/lidar_cpp
[1.121s] Invoked command in '/home/arvid/Documents/ros2/ws/build/lidar_cpp' returned '0': CMAKE_PREFIX_PATH=/opt/ros/galactic /usr/bin/cmake /home/arvid/Documents/ros2/ws/src/lidar_cpp -DCMAKE_INSTALL_PREFIX=/home/arvid/Documents/ros2/ws/install/lidar_cpp
[1.125s] Invoking command in '/home/arvid/Documents/ros2/ws/build/lidar_cpp': CMAKE_PREFIX_PATH=/opt/ros/galactic /usr/bin/cmake --build /home/arvid/Documents/ros2/ws/build/lidar_cpp -- -j12 -l12
[1.178s] [35m[1mScanning dependencies of target lidar[0m
[1.259s] [ 50%] [32mBuilding CXX object CMakeFiles/lidar.dir/src/lidar_publisher.cpp.o[0m
[10.428s] [100%] [32m[1mLinking CXX executable lidar[0m
[10.631s] /usr/bin/ld: CMakeFiles/lidar.dir/src/lidar_publisher.cpp.o: in function `rs2::error::error(rs2_error*)':
[10.631s] lidar_publisher.cpp:(.text._ZN3rs25errorC2EP9rs2_error[_ZN3rs25errorC5EP9rs2_error]+0x32): undefined reference to `rs2_get_error_message'
[10.632s] /usr/bin/ld: lidar_publisher.cpp:(.text._ZN3rs25errorC2EP9rs2_error[_ZN3rs25errorC5EP9rs2_error]+0x77): undefined reference to `rs2_get_failed_function'
[10.632s] /usr/bin/ld: lidar_publisher.cpp:(.text._ZN3rs25errorC2EP9rs2_error[_ZN3rs25errorC5EP9rs2_error]+0x9e): undefined reference to `rs2_get_failed_function'
[10.632s] /usr/bin/ld: lidar_publisher.cpp:(.text._ZN3rs25errorC2EP9rs2_error[_ZN3rs25errorC5EP9rs2_error]+0x101): undefined reference to `rs2_get_failed_args'
[10.633s] /usr/bin/ld: lidar_publisher.cpp:(.text._ZN3rs25errorC2EP9rs2_error[_ZN3rs25errorC5EP9rs2_error]+0x128): undefined reference to `rs2_get_failed_args'
[10.633s] /usr/bin/ld: lidar_publisher.cpp:(.text._ZN3rs25errorC2EP9rs2_error[_ZN3rs25errorC5EP9rs2_error]+0x18b): undefined reference to `rs2_get_librealsense_exception_type'
[10.633s] /usr/bin/ld: lidar_publisher.cpp:(.text._ZN3rs25errorC2EP9rs2_error[_ZN3rs25errorC5EP9rs2_error]+0x19e): undefined reference to `rs2_free_error'
[10.633s] /usr/bin/ld: CMakeFiles/lidar.dir/src/lidar_publisher.cpp.o: in function `rs2::error::handle(rs2_error*)':
[10.633s] lidar_publisher.cpp:(.text._ZN3rs25error6handleEP9rs2_error[_ZN3rs25error6handleEP9rs2_error]+0x26): undefined reference to `rs2_get_librealsense_exception_type'
[10.634s] /usr/bin/ld: CMakeFiles/lidar.dir/src/lidar_publisher.cpp.o: in function `rs2::context::context()':
[10.634s] lidar_publisher.cpp:(.text._ZN3rs27contextC2Ev[_ZN3rs27contextC5Ev]+0x41): undefined reference to `rs2_create_context'
[10.634s] /usr/bin/ld: lidar_publisher.cpp:(.text._ZN3rs27contextC2Ev[_ZN3rs27contextC5Ev]+0x4f): undefined reference to `rs2_delete_context'
[10.634s] /usr/bin/ld: CMakeFiles/lidar.dir/src/lidar_publisher.cpp.o: in function `rs2::pipeline::pipeline(rs2::context)':
[10.634s] lidar_publisher.cpp:(.text._ZN3rs28pipelineC2ENS_7contextE[_ZN3rs28pipelineC5ENS_7contextE]+0x52): undefined reference to `rs2_create_pipeline'
[10.635s] /usr/bin/ld: lidar_publisher.cpp:(.text._ZN3rs28pipelineC2ENS_7contextE[_ZN3rs28pipelineC5ENS_7contextE]+0x60): undefined reference to `rs2_delete_pipeline'
[10.635s] collect2: error: ld returned 1 exit status
[10.635s] make[2]: *** [CMakeFiles/lidar.dir/build.make:155: lidar] Error 1
[10.636s] make[1]: *** [CMakeFiles/Makefile2:78: CMakeFiles/lidar.dir/all] Error 2
[10.636s] make: *** [Makefile:141: all] Error 2
[10.639s] Invoked command in '/home/arvid/Documents/ros2/ws/build/lidar_cpp' returned '2': CMAKE_PREFIX_PATH=/opt/ros/galactic /usr/bin/cmake --build /home/arvid/Documents/ros2/ws/build/lidar_cpp -- -j12 -l12
