[0.024s] Invoking command in '/home/arvid/Documents/ros2/ws/build/lidar_cpp': CMAKE_PREFIX_PATH=/opt/ros/galactic /usr/bin/cmake /home/arvid/Documents/ros2/ws/src/lidar_cpp -DCMAKE_INSTALL_PREFIX=/home/arvid/Documents/ros2/ws/install/lidar_cpp
[0.110s] -- The C compiler identification is GNU 9.3.0
[0.180s] -- The CXX compiler identification is GNU 9.3.0
[0.186s] -- Check for working C compiler: /usr/bin/cc
[0.283s] -- Check for working C compiler: /usr/bin/cc -- works
[0.286s] -- Detecting C compiler ABI info
[0.381s] -- Detecting C compiler ABI info - done
[0.396s] -- Detecting C compile features
[0.396s] -- Detecting C compile features - done
[0.400s] -- Check for working CXX compiler: /usr/bin/c++
[0.501s] -- Check for working CXX compiler: /usr/bin/c++ -- works
[0.502s] -- Detecting CXX compiler ABI info
[0.614s] -- Detecting CXX compiler ABI info - done
[0.630s] -- Detecting CXX compile features
[0.630s] -- Detecting CXX compile features - done
[0.632s] -- Found ament_cmake: 1.1.5 (/opt/ros/galactic/share/ament_cmake/cmake)
[0.662s] -- Found PythonInterp: /usr/bin/python3 (found suitable version "3.8.10", minimum required is "3") 
[0.662s] -- Using PYTHON_EXECUTABLE: /usr/bin/python3
[0.753s] -- Found rclcpp: 9.2.0 (/opt/ros/galactic/share/rclcpp/cmake)
[0.802s] -- Using all available rosidl_typesupport_c: rosidl_typesupport_fastrtps_c;rosidl_typesupport_introspection_c
[0.808s] -- Found rosidl_adapter: 2.2.1 (/opt/ros/galactic/share/rosidl_adapter/cmake)
[0.915s] -- Found OpenSSL: /usr/lib/x86_64-linux-gnu/libcrypto.so (found version "1.1.1f")  
[0.951s] -- Found FastRTPS: /opt/ros/galactic/include  
[1.053s] -- Using all available rosidl_typesupport_cpp: rosidl_typesupport_fastrtps_cpp;rosidl_typesupport_introspection_cpp
[1.125s] -- Found rmw_implementation_cmake: 3.3.1 (/opt/ros/galactic/share/rmw_implementation_cmake/cmake)
[1.127s] -- Found rmw_cyclonedds_cpp: 0.22.4 (/opt/ros/galactic/share/rmw_cyclonedds_cpp/cmake)
[1.149s] -- Using RMW implementation 'rmw_cyclonedds_cpp' as default
[1.150s] -- Looking for pthread.h
[1.248s] -- Looking for pthread.h - found
[1.248s] -- Performing Test CMAKE_HAVE_LIBC_PTHREAD
[1.338s] -- Performing Test CMAKE_HAVE_LIBC_PTHREAD - Failed
[1.338s] -- Looking for pthread_create in pthreads
[1.413s] -- Looking for pthread_create in pthreads - not found
[1.413s] -- Looking for pthread_create in pthread
[1.505s] -- Looking for pthread_create in pthread - found
[1.506s] -- Found Threads: TRUE  
[1.683s] -- Found sensor_msgs: 2.2.4 (/opt/ros/galactic/share/sensor_msgs/cmake)
[1.845s] -- Checking for module 'eigen3'
[1.875s] --   Found eigen3, version 3.3.7
[1.933s] -- Found Eigen: /usr/include/eigen3 (Required is at least version "3.1") 
[1.933s] -- Eigen found (include: /usr/include/eigen3, version: 3.3.7)
[1.985s] -- Found Boost: /usr/include (found suitable version "1.71.0", minimum required is "1.55.0") found components: system filesystem date_time iostreams regex 
[2.006s] -- Checking for module 'flann'
[2.033s] --   Found flann, version 1.9.1
[2.097s] -- Found FLANN: /usr/lib/x86_64-linux-gnu/libflann_cpp.so  
[2.167s] -- The imported target "vtkParseOGLExt" references the file
[2.167s]    "/usr/bin/vtkParseOGLExt-7.1"
[2.167s] but this file does not exist.  Possible reasons include:
[2.167s] * The file was deleted, renamed, or moved to another location.
[2.167s] * An install or uninstall procedure did not complete successfully.
[2.167s] * The installation package was faulty and contained
[2.168s]    "/usr/lib/cmake/vtk-7.1/VTKTargets.cmake"
[2.168s] but not all the files it references.
[2.168s] 
[2.168s] -- The imported target "vtkRenderingPythonTkWidgets" references the file
[2.168s]    "/usr/lib/x86_64-linux-gnu/libvtkRenderingPythonTkWidgets.so"
[2.168s] but this file does not exist.  Possible reasons include:
[2.168s] * The file was deleted, renamed, or moved to another location.
[2.169s] * An install or uninstall procedure did not complete successfully.
[2.169s] * The installation package was faulty and contained
[2.169s]    "/usr/lib/cmake/vtk-7.1/VTKTargets.cmake"
[2.169s] but not all the files it references.
[2.169s] 
[2.169s] -- The imported target "vtk" references the file
[2.170s]    "/usr/bin/vtk"
[2.170s] but this file does not exist.  Possible reasons include:
[2.170s] * The file was deleted, renamed, or moved to another location.
[2.170s] * An install or uninstall procedure did not complete successfully.
[2.170s] * The installation package was faulty and contained
[2.170s]    "/usr/lib/cmake/vtk-7.1/VTKTargets.cmake"
[2.171s] but not all the files it references.
[2.171s] 
[2.171s] -- The imported target "pvtk" references the file
[2.171s]    "/usr/bin/pvtk"
[2.171s] but this file does not exist.  Possible reasons include:
[2.171s] * The file was deleted, renamed, or moved to another location.
[2.171s] * An install or uninstall procedure did not complete successfully.
[2.171s] * The installation package was faulty and contained
[2.171s]    "/usr/lib/cmake/vtk-7.1/VTKTargets.cmake"
[2.172s] but not all the files it references.
[2.172s] 
[2.193s] -- Checking for module 'libusb-1.0'
[2.197s] --   No package 'libusb-1.0' found
[2.200s] -- Could NOT find USB_10 (missing: USB_10_LIBRARY USB_10_INCLUDE_DIR) 
[2.201s] -- OpenNI disabled because libusb-1.0 not found.
[2.201s] ** WARNING ** io features related to openni will be disabled
[2.206s] -- Checking for module 'libusb-1.0'
[2.211s] --   No package 'libusb-1.0' found
[2.215s] -- Could NOT find USB_10 (missing: USB_10_LIBRARY USB_10_INCLUDE_DIR) 
[2.215s] -- OpenNI 2 disabled because libusb-1.0 not found.
[2.215s] ** WARNING ** io features related to openni2 will be disabled
[2.215s] ** WARNING ** io features related to pcap will be disabled
[2.216s] ** WARNING ** io features related to png will be disabled
[2.236s] -- LIBUSB_1_LIBRARY (missing: LIBUSB_1_INCLUDE_DIR) 
[2.236s] ** WARNING ** io features related to libusb-1.0 will be disabled
[2.242s] -- Checking for module 'libusb-1.0'
[2.247s] --   No package 'libusb-1.0' found
[2.251s] -- Could NOT find USB_10 (missing: USB_10_LIBRARY USB_10_INCLUDE_DIR) 
[2.251s] -- OpenNI disabled because libusb-1.0 not found.
[2.252s] ** WARNING ** visualization features related to openni will be disabled
[2.256s] -- Checking for module 'libusb-1.0'
[2.261s] --   No package 'libusb-1.0' found
[2.265s] -- Could NOT find USB_10 (missing: USB_10_LIBRARY USB_10_INCLUDE_DIR) 
[2.265s] -- OpenNI 2 disabled because libusb-1.0 not found.
[2.265s] ** WARNING ** visualization features related to openni2 will be disabled
[2.298s] -- Found Qhull: optimized;/usr/lib/x86_64-linux-gnu/libqhull.so;debug;/usr/lib/x86_64-linux-gnu/libqhull.so  
[2.298s] -- QHULL found (include: /usr/include, lib: optimized;/usr/lib/x86_64-linux-gnu/libqhull.so;debug;/usr/lib/x86_64-linux-gnu/libqhull.so)
[2.303s] -- Checking for module 'libusb-1.0'
[2.308s] --   No package 'libusb-1.0' found
[2.312s] -- Could NOT find USB_10 (missing: USB_10_LIBRARY USB_10_INCLUDE_DIR) 
[2.312s] -- OpenNI disabled because libusb-1.0 not found.
[2.312s] ** WARNING ** apps features related to openni will be disabled
[2.330s] -- looking for PCL_COMMON
[2.331s] -- Found PCL_COMMON: /usr/lib/x86_64-linux-gnu/libpcl_common.so  
[2.331s] -- looking for PCL_KDTREE
[2.333s] -- Found PCL_KDTREE: /usr/lib/x86_64-linux-gnu/libpcl_kdtree.so  
[2.333s] -- looking for PCL_OCTREE
[2.334s] -- Found PCL_OCTREE: /usr/lib/x86_64-linux-gnu/libpcl_octree.so  
[2.334s] -- looking for PCL_SEARCH
[2.335s] -- Found PCL_SEARCH: /usr/lib/x86_64-linux-gnu/libpcl_search.so  
[2.335s] -- looking for PCL_SAMPLE_CONSENSUS
[2.336s] -- Found PCL_SAMPLE_CONSENSUS: /usr/lib/x86_64-linux-gnu/libpcl_sample_consensus.so  
[2.337s] -- looking for PCL_FILTERS
[2.338s] -- Found PCL_FILTERS: /usr/lib/x86_64-linux-gnu/libpcl_filters.so  
[2.338s] -- looking for PCL_2D
[2.338s] -- Found PCL_2D: /usr/include/pcl-1.10  
[2.338s] -- looking for PCL_GEOMETRY
[2.339s] -- Found PCL_GEOMETRY: /usr/include/pcl-1.10  
[2.339s] -- looking for PCL_IO
[2.340s] -- Found PCL_IO: /usr/lib/x86_64-linux-gnu/libpcl_io.so  
[2.340s] -- looking for PCL_FEATURES
[2.341s] -- Found PCL_FEATURES: /usr/lib/x86_64-linux-gnu/libpcl_features.so  
[2.342s] -- looking for PCL_ML
[2.343s] -- Found PCL_ML: /usr/lib/x86_64-linux-gnu/libpcl_ml.so  
[2.343s] -- looking for PCL_SEGMENTATION
[2.344s] -- Found PCL_SEGMENTATION: /usr/lib/x86_64-linux-gnu/libpcl_segmentation.so  
[2.344s] -- looking for PCL_VISUALIZATION
[2.346s] -- Found PCL_VISUALIZATION: /usr/lib/x86_64-linux-gnu/libpcl_visualization.so  
[2.346s] -- looking for PCL_SURFACE
[2.347s] -- Found PCL_SURFACE: /usr/lib/x86_64-linux-gnu/libpcl_surface.so  
[2.347s] -- looking for PCL_REGISTRATION
[2.348s] -- Found PCL_REGISTRATION: /usr/lib/x86_64-linux-gnu/libpcl_registration.so  
[2.349s] -- looking for PCL_KEYPOINTS
[2.350s] -- Found PCL_KEYPOINTS: /usr/lib/x86_64-linux-gnu/libpcl_keypoints.so  
[2.350s] -- looking for PCL_TRACKING
[2.351s] -- Found PCL_TRACKING: /usr/lib/x86_64-linux-gnu/libpcl_tracking.so  
[2.352s] -- looking for PCL_RECOGNITION
[2.353s] -- Found PCL_RECOGNITION: /usr/lib/x86_64-linux-gnu/libpcl_recognition.so  
[2.353s] -- looking for PCL_STEREO
[2.355s] -- Found PCL_STEREO: /usr/lib/x86_64-linux-gnu/libpcl_stereo.so  
[2.355s] -- looking for PCL_APPS
[2.356s] -- Found PCL_APPS: /usr/lib/x86_64-linux-gnu/libpcl_apps.so  
[2.357s] -- looking for PCL_IN_HAND_SCANNER
[2.357s] -- Found PCL_IN_HAND_SCANNER: /usr/include/pcl-1.10  
[2.358s] -- looking for PCL_POINT_CLOUD_EDITOR
[2.358s] -- Found PCL_POINT_CLOUD_EDITOR: /usr/include/pcl-1.10  
[2.358s] -- looking for PCL_OUTOFCORE
[2.359s] -- Found PCL_OUTOFCORE: /usr/lib/x86_64-linux-gnu/libpcl_outofcore.so  
[2.360s] -- looking for PCL_PEOPLE
[2.361s] -- Found PCL_PEOPLE: /usr/lib/x86_64-linux-gnu/libpcl_people.so  
[2.362s] -- Found PCL: pcl_common;pcl_kdtree;pcl_octree;pcl_search;pcl_sample_consensus;pcl_filters;pcl_io;pcl_features;pcl_ml;pcl_segmentation;pcl_visualization;pcl_surface;pcl_registration;pcl_keypoints;pcl_tracking;pcl_recognition;pcl_stereo;pcl_apps;pcl_outofcore;pcl_people;/usr/lib/x86_64-linux-gnu/libboost_system.so;/usr/lib/x86_64-linux-gnu/libboost_filesystem.so;/usr/lib/x86_64-linux-gnu/libboost_date_time.so;/usr/lib/x86_64-linux-gnu/libboost_iostreams.so;/usr/lib/x86_64-linux-gnu/libboost_regex.so;optimized;/usr/lib/x86_64-linux-gnu/libqhull.so;debug;/usr/lib/x86_64-linux-gnu/libqhull.so;vtkChartsCore;vtkCommonColor;vtkCommonCore;vtksys;vtkCommonDataModel;vtkCommonMath;vtkCommonMisc;vtkCommonSystem;vtkCommonTransforms;vtkCommonExecutionModel;vtkFiltersGeneral;vtkCommonComputationalGeometry;vtkFiltersCore;vtkInfovisCore;vtkFiltersExtraction;vtkFiltersStatistics;vtkImagingFourier;vtkImagingCore;vtkalglib;vtkRenderingContext2D;vtkRenderingCore;vtkFiltersGeometry;vtkFiltersSources;vtkRenderingFreeType;/usr/lib/x86_64-linux-gnu/libfreetype.so;/usr/lib/x86_64-linux-gnu/libz.so;vtkFiltersModeling;vtkImagingSources;vtkInteractionStyle;vtkInteractionWidgets;vtkFiltersHybrid;vtkImagingColor;vtkImagingGeneral;vtkImagingHybrid;vtkIOImage;vtkDICOMParser;vtkmetaio;/usr/lib/x86_64-linux-gnu/libjpeg.so;/usr/lib/x86_64-linux-gnu/libpng.so;/usr/lib/x86_64-linux-gnu/libtiff.so;vtkRenderingAnnotation;vtkRenderingVolume;vtkIOXML;vtkIOCore;vtkIOXMLParser;/usr/lib/x86_64-linux-gnu/libexpat.so;vtkIOGeometry;vtkIOLegacy;vtkIOPLY;vtkRenderingLOD;vtkViewsContext2D;vtkViewsCore;vtkRenderingContextOpenGL2;vtkRenderingOpenGL2;FLANN::FLANN  
[2.371s] -- Found ament_lint_auto: 0.10.6 (/opt/ros/galactic/share/ament_lint_auto/cmake)
[2.454s] -- Added test 'copyright' to check source files copyright and LICENSE
[2.455s] -- Added test 'cppcheck' to perform static code analysis on C / C++ code
[2.455s] -- Configured cppcheck include dirs: 
[2.455s] -- Configured cppcheck exclude dirs and/or files: 
[2.456s] -- Added test 'cpplint' to check C / C++ code against the Google style
[2.456s] -- Configured cpplint exclude dirs and/or files: 
[2.456s] -- Added test 'lint_cmake' to check CMake code style
[2.457s] -- Added test 'uncrustify' to check C / C++ code style
[2.458s] -- Configured uncrustify additional arguments: 
[2.458s] -- Added test 'xmllint' to check XML markup files
[2.461s] -- Configuring done
[2.476s] -- Generating done
[2.479s] -- Build files have been written to: /home/arvid/Documents/ros2/ws/build/lidar_cpp
[2.494s] Invoked command in '/home/arvid/Documents/ros2/ws/build/lidar_cpp' returned '0': CMAKE_PREFIX_PATH=/opt/ros/galactic /usr/bin/cmake /home/arvid/Documents/ros2/ws/src/lidar_cpp -DCMAKE_INSTALL_PREFIX=/home/arvid/Documents/ros2/ws/install/lidar_cpp
[2.499s] Invoking command in '/home/arvid/Documents/ros2/ws/build/lidar_cpp': CMAKE_PREFIX_PATH=/opt/ros/galactic /usr/bin/cmake --build /home/arvid/Documents/ros2/ws/build/lidar_cpp -- -j12 -l12
[2.550s] [35m[1mScanning dependencies of target lidar[0m
[2.629s] [ 50%] [32mBuilding CXX object CMakeFiles/lidar.dir/src/lidar_publisher.cpp.o[0m
[12.098s] [100%] [32m[1mLinking CXX executable lidar[0m
[12.307s] /usr/bin/ld: CMakeFiles/lidar.dir/src/lidar_publisher.cpp.o: in function `rs2::error::error(rs2_error*)':
[12.308s] lidar_publisher.cpp:(.text._ZN3rs25errorC2EP9rs2_error[_ZN3rs25errorC5EP9rs2_error]+0x32): undefined reference to `rs2_get_error_message'
[12.308s] /usr/bin/ld: lidar_publisher.cpp:(.text._ZN3rs25errorC2EP9rs2_error[_ZN3rs25errorC5EP9rs2_error]+0x77): undefined reference to `rs2_get_failed_function'
[12.309s] /usr/bin/ld: lidar_publisher.cpp:(.text._ZN3rs25errorC2EP9rs2_error[_ZN3rs25errorC5EP9rs2_error]+0x9e): undefined reference to `rs2_get_failed_function'
[12.309s] /usr/bin/ld: lidar_publisher.cpp:(.text._ZN3rs25errorC2EP9rs2_error[_ZN3rs25errorC5EP9rs2_error]+0x101): undefined reference to `rs2_get_failed_args'
[12.309s] /usr/bin/ld: lidar_publisher.cpp:(.text._ZN3rs25errorC2EP9rs2_error[_ZN3rs25errorC5EP9rs2_error]+0x128): undefined reference to `rs2_get_failed_args'
[12.309s] /usr/bin/ld: lidar_publisher.cpp:(.text._ZN3rs25errorC2EP9rs2_error[_ZN3rs25errorC5EP9rs2_error]+0x18b): undefined reference to `rs2_get_librealsense_exception_type'
[12.310s] /usr/bin/ld: lidar_publisher.cpp:(.text._ZN3rs25errorC2EP9rs2_error[_ZN3rs25errorC5EP9rs2_error]+0x19e): undefined reference to `rs2_free_error'
[12.310s] /usr/bin/ld: CMakeFiles/lidar.dir/src/lidar_publisher.cpp.o: in function `rs2::error::handle(rs2_error*)':
[12.311s] lidar_publisher.cpp:(.text._ZN3rs25error6handleEP9rs2_error[_ZN3rs25error6handleEP9rs2_error]+0x26): undefined reference to `rs2_get_librealsense_exception_type'
[12.312s] /usr/bin/ld: CMakeFiles/lidar.dir/src/lidar_publisher.cpp.o: in function `rs2::context::context()':
[12.312s] lidar_publisher.cpp:(.text._ZN3rs27contextC2Ev[_ZN3rs27contextC5Ev]+0x41): undefined reference to `rs2_create_context'
[12.312s] /usr/bin/ld: lidar_publisher.cpp:(.text._ZN3rs27contextC2Ev[_ZN3rs27contextC5Ev]+0x4f): undefined reference to `rs2_delete_context'
[12.313s] /usr/bin/ld: CMakeFiles/lidar.dir/src/lidar_publisher.cpp.o: in function `rs2::pipeline::pipeline(rs2::context)':
[12.313s] lidar_publisher.cpp:(.text._ZN3rs28pipelineC2ENS_7contextE[_ZN3rs28pipelineC5ENS_7contextE]+0x52): undefined reference to `rs2_create_pipeline'
[12.314s] /usr/bin/ld: lidar_publisher.cpp:(.text._ZN3rs28pipelineC2ENS_7contextE[_ZN3rs28pipelineC5ENS_7contextE]+0x60): undefined reference to `rs2_delete_pipeline'
[12.315s] collect2: error: ld returned 1 exit status
[12.317s] make[2]: *** [CMakeFiles/lidar.dir/build.make:155: lidar] Error 1
[12.319s] make[1]: *** [CMakeFiles/Makefile2:78: CMakeFiles/lidar.dir/all] Error 2
[12.320s] make: *** [Makefile:141: all] Error 2
[12.321s] Invoked command in '/home/arvid/Documents/ros2/ws/build/lidar_cpp' returned '2': CMAKE_PREFIX_PATH=/opt/ros/galactic /usr/bin/cmake --build /home/arvid/Documents/ros2/ws/build/lidar_cpp -- -j12 -l12
