CMake Warning at CMakeLists.txt:12 (find_package):
  By not providing "Findlibrealsense2.cmake" in CMAKE_MODULE_PATH this
  project has asked CMake to find a package configuration file provided by
  "librealsense2", but CMake did not find one.

  Could not find a package configuration file provided by "librealsense2"
  with any of the following names:

    librealsense2Config.cmake
    librealsense2-config.cmake

  Add the installation prefix of "librealsense2" to CMAKE_PREFIX_PATH or set
  "librealsense2_DIR" to a directory containing one of the above files.  If
  "librealsense2" provides a separate development package or SDK, be sure it
  has been installed.


** WARNING ** io features related to openni will be disabled
** WARNING ** io features related to openni2 will be disabled
** WARNING ** io features related to pcap will be disabled
** WARNING ** io features related to png will be disabled
** WARNING ** io features related to libusb-1.0 will be disabled
** WARNING ** visualization features related to openni will be disabled
** WARNING ** visualization features related to openni2 will be disabled
** WARNING ** apps features related to openni will be disabled
/usr/bin/ld: CMakeFiles/lidar.dir/src/lidar_publisher.cpp.o: in function `rs2::error::error(rs2_error*)':
lidar_publisher.cpp:(.text._ZN3rs25errorC2EP9rs2_error[_ZN3rs25errorC5EP9rs2_error]+0x32): undefined reference to `rs2_get_error_message'
/usr/bin/ld: lidar_publisher.cpp:(.text._ZN3rs25errorC2EP9rs2_error[_ZN3rs25errorC5EP9rs2_error]+0x77): undefined reference to `rs2_get_failed_function'
/usr/bin/ld: lidar_publisher.cpp:(.text._ZN3rs25errorC2EP9rs2_error[_ZN3rs25errorC5EP9rs2_error]+0x9e): undefined reference to `rs2_get_failed_function'
/usr/bin/ld: lidar_publisher.cpp:(.text._ZN3rs25errorC2EP9rs2_error[_ZN3rs25errorC5EP9rs2_error]+0x101): undefined reference to `rs2_get_failed_args'
/usr/bin/ld: lidar_publisher.cpp:(.text._ZN3rs25errorC2EP9rs2_error[_ZN3rs25errorC5EP9rs2_error]+0x128): undefined reference to `rs2_get_failed_args'
/usr/bin/ld: lidar_publisher.cpp:(.text._ZN3rs25errorC2EP9rs2_error[_ZN3rs25errorC5EP9rs2_error]+0x18b): undefined reference to `rs2_get_librealsense_exception_type'
/usr/bin/ld: lidar_publisher.cpp:(.text._ZN3rs25errorC2EP9rs2_error[_ZN3rs25errorC5EP9rs2_error]+0x19e): undefined reference to `rs2_free_error'
/usr/bin/ld: CMakeFiles/lidar.dir/src/lidar_publisher.cpp.o: in function `rs2::error::handle(rs2_error*)':
lidar_publisher.cpp:(.text._ZN3rs25error6handleEP9rs2_error[_ZN3rs25error6handleEP9rs2_error]+0x26): undefined reference to `rs2_get_librealsense_exception_type'
/usr/bin/ld: CMakeFiles/lidar.dir/src/lidar_publisher.cpp.o: in function `rs2::context::context()':
lidar_publisher.cpp:(.text._ZN3rs27contextC2Ev[_ZN3rs27contextC5Ev]+0x41): undefined reference to `rs2_create_context'
/usr/bin/ld: lidar_publisher.cpp:(.text._ZN3rs27contextC2Ev[_ZN3rs27contextC5Ev]+0x4f): undefined reference to `rs2_delete_context'
/usr/bin/ld: CMakeFiles/lidar.dir/src/lidar_publisher.cpp.o: in function `rs2::pipeline::pipeline(rs2::context)':
lidar_publisher.cpp:(.text._ZN3rs28pipelineC2ENS_7contextE[_ZN3rs28pipelineC5ENS_7contextE]+0x52): undefined reference to `rs2_create_pipeline'
/usr/bin/ld: lidar_publisher.cpp:(.text._ZN3rs28pipelineC2ENS_7contextE[_ZN3rs28pipelineC5ENS_7contextE]+0x60): undefined reference to `rs2_delete_pipeline'
/usr/bin/ld: CMakeFiles/lidar.dir/src/lidar_publisher.cpp.o: in function `rclcpp::Publisher<sensor_msgs::msg::PointCloud2_<std::allocator<void> >, std::allocator<void> >::Publisher(rclcpp::node_interfaces::NodeBaseInterface*, std::__cxx11::basic_string<char, std::char_traits<char>, std::allocator<char> > const&, rclcpp::QoS const&, rclcpp::PublisherOptionsWithAllocator<std::allocator<void> > const&)':
lidar_publisher.cpp:(.text._ZN6rclcpp9PublisherIN11sensor_msgs3msg12PointCloud2_ISaIvEEES4_EC2EPNS_15node_interfaces17NodeBaseInterfaceERKNSt7__cxx1112basic_stringIcSt11char_traitsIcESaIcEEERKNS_3QoSERKNS_29PublisherOptionsWithAllocatorIS4_EE[_ZN6rclcpp9PublisherIN11sensor_msgs3msg12PointCloud2_ISaIvEEES4_EC5EPNS_15node_interfaces17NodeBaseInterfaceERKNSt7__cxx1112basic_stringIcSt11char_traitsIcESaIcEEERKNS_3QoSERKNS_29PublisherOptionsWithAllocatorIS4_EE]+0x6e): undefined reference to `rosidl_message_type_support_t const* rosidl_typesupport_cpp::get_message_type_support_handle<sensor_msgs::msg::PointCloud2_<std::allocator<void> > >()'
collect2: error: ld returned 1 exit status
make[2]: *** [CMakeFiles/lidar.dir/build.make:145: lidar] Error 1
make[1]: *** [CMakeFiles/Makefile2:78: CMakeFiles/lidar.dir/all] Error 2
make: *** [Makefile:141: all] Error 2
