[0.030s] Invoking command in '/home/arvid/Documents/ros2/ws/build/lidar_cpp': CMAKE_PREFIX_PATH=/opt/ros/galactic /usr/bin/cmake --build /home/arvid/Documents/ros2/ws/build/lidar_cpp -- -j12 -l12
[0.068s] -- Found ament_cmake: 1.1.5 (/opt/ros/galactic/share/ament_cmake/cmake)
[0.093s] -- Using PYTHON_EXECUTABLE: /usr/bin/python3
[0.170s] -- Found rclcpp: 9.2.0 (/opt/ros/galactic/share/rclcpp/cmake)
[0.207s] -- Using all available rosidl_typesupport_c: rosidl_typesupport_fastrtps_c;rosidl_typesupport_introspection_c
[0.211s] -- Found rosidl_adapter: 2.2.1 (/opt/ros/galactic/share/rosidl_adapter/cmake)
[0.370s] -- Using all available rosidl_typesupport_cpp: rosidl_typesupport_fastrtps_cpp;rosidl_typesupport_introspection_cpp
[0.430s] -- Found rmw_implementation_cmake: 3.3.1 (/opt/ros/galactic/share/rmw_implementation_cmake/cmake)
[0.431s] -- Found rmw_cyclonedds_cpp: 0.22.4 (/opt/ros/galactic/share/rmw_cyclonedds_cpp/cmake)
[0.452s] -- Using RMW implementation 'rmw_cyclonedds_cpp' as default
[0.613s] -- Found sensor_msgs: 2.2.4 (/opt/ros/galactic/share/sensor_msgs/cmake)
[0.755s] CMake Warning at CMakeLists.txt:12 (find_package):
[0.755s]   By not providing "Findlibrealsense2.cmake" in CMAKE_MODULE_PATH this
[0.755s]   project has asked CMake to find a package configuration file provided by
[0.755s]   "librealsense2", but CMake did not find one.
[0.756s] 
[0.756s]   Could not find a package configuration file provided by "librealsense2"
[0.756s]   with any of the following names:
[0.756s] 
[0.756s]     librealsense2Config.cmake
[0.757s]     librealsense2-config.cmake
[0.757s] 
[0.757s]   Add the installation prefix of "librealsense2" to CMAKE_PREFIX_PATH or set
[0.757s]   "librealsense2_DIR" to a directory containing one of the above files.  If
[0.757s]   "librealsense2" provides a separate development package or SDK, be sure it
[0.758s]   has been installed.
[0.758s] 
[0.758s] 
[0.777s] -- Eigen found (include: /usr/include/eigen3, version: 3.3.7)
[0.894s] -- The imported target "vtkParseOGLExt" references the file
[0.894s]    "/usr/bin/vtkParseOGLExt-7.1"
[0.894s] but this file does not exist.  Possible reasons include:
[0.895s] * The file was deleted, renamed, or moved to another location.
[0.895s] * An install or uninstall procedure did not complete successfully.
[0.895s] * The installation package was faulty and contained
[0.895s]    "/usr/lib/cmake/vtk-7.1/VTKTargets.cmake"
[0.895s] but not all the files it references.
[0.896s] 
[0.896s] -- The imported target "vtkRenderingPythonTkWidgets" references the file
[0.896s]    "/usr/lib/x86_64-linux-gnu/libvtkRenderingPythonTkWidgets.so"
[0.896s] but this file does not exist.  Possible reasons include:
[0.897s] * The file was deleted, renamed, or moved to another location.
[0.897s] * An install or uninstall procedure did not complete successfully.
[0.897s] * The installation package was faulty and contained
[0.897s]    "/usr/lib/cmake/vtk-7.1/VTKTargets.cmake"
[0.897s] but not all the files it references.
[0.898s] 
[0.898s] -- The imported target "vtk" references the file
[0.898s]    "/usr/bin/vtk"
[0.898s] but this file does not exist.  Possible reasons include:
[0.899s] * The file was deleted, renamed, or moved to another location.
[0.899s] * An install or uninstall procedure did not complete successfully.
[0.899s] * The installation package was faulty and contained
[0.899s]    "/usr/lib/cmake/vtk-7.1/VTKTargets.cmake"
[0.899s] but not all the files it references.
[0.900s] 
[0.900s] -- The imported target "pvtk" references the file
[0.900s]    "/usr/bin/pvtk"
[0.900s] but this file does not exist.  Possible reasons include:
[0.901s] * The file was deleted, renamed, or moved to another location.
[0.901s] * An install or uninstall procedure did not complete successfully.
[0.901s] * The installation package was faulty and contained
[0.901s]    "/usr/lib/cmake/vtk-7.1/VTKTargets.cmake"
[0.901s] but not all the files it references.
[0.901s] 
[0.924s] -- Checking for module 'libusb-1.0'
[0.929s] --   No package 'libusb-1.0' found
[0.935s] -- Could NOT find USB_10 (missing: USB_10_LIBRARY USB_10_INCLUDE_DIR) 
[0.935s] -- OpenNI disabled because libusb-1.0 not found.
[0.935s] ** WARNING ** io features related to openni will be disabled
[0.945s] -- Checking for module 'libusb-1.0'
[0.951s] --   No package 'libusb-1.0' found
[0.958s] -- Could NOT find USB_10 (missing: USB_10_LIBRARY USB_10_INCLUDE_DIR) 
[0.958s] -- OpenNI 2 disabled because libusb-1.0 not found.
[0.958s] ** WARNING ** io features related to openni2 will be disabled
[0.958s] ** WARNING ** io features related to pcap will be disabled
[0.959s] ** WARNING ** io features related to png will be disabled
[0.982s] -- LIBUSB_1_LIBRARY (missing: LIBUSB_1_INCLUDE_DIR) 
[0.982s] ** WARNING ** io features related to libusb-1.0 will be disabled
[0.991s] -- Checking for module 'libusb-1.0'
[0.997s] --   No package 'libusb-1.0' found
[1.001s] -- Could NOT find USB_10 (missing: USB_10_LIBRARY USB_10_INCLUDE_DIR) 
[1.001s] -- OpenNI disabled because libusb-1.0 not found.
[1.001s] ** WARNING ** visualization features related to openni will be disabled
[1.007s] -- Checking for module 'libusb-1.0'
[1.011s] --   No package 'libusb-1.0' found
[1.018s] -- Could NOT find USB_10 (missing: USB_10_LIBRARY USB_10_INCLUDE_DIR) 
[1.018s] -- OpenNI 2 disabled because libusb-1.0 not found.
[1.018s] ** WARNING ** visualization features related to openni2 will be disabled
[1.037s] -- QHULL found (include: /usr/include, lib: optimized;/usr/lib/x86_64-linux-gnu/libqhull.so;debug;/usr/lib/x86_64-linux-gnu/libqhull.so)
[1.046s] -- Checking for module 'libusb-1.0'
[1.052s] --   No package 'libusb-1.0' found
[1.059s] -- Could NOT find USB_10 (missing: USB_10_LIBRARY USB_10_INCLUDE_DIR) 
[1.059s] -- OpenNI disabled because libusb-1.0 not found.
[1.059s] ** WARNING ** apps features related to openni will be disabled
[1.077s] -- looking for PCL_COMMON
[1.078s] -- looking for PCL_KDTREE
[1.078s] -- looking for PCL_OCTREE
[1.079s] -- looking for PCL_SEARCH
[1.079s] -- looking for PCL_SAMPLE_CONSENSUS
[1.080s] -- looking for PCL_FILTERS
[1.080s] -- looking for PCL_2D
[1.081s] -- looking for PCL_GEOMETRY
[1.081s] -- looking for PCL_IO
[1.082s] -- looking for PCL_FEATURES
[1.082s] -- looking for PCL_ML
[1.083s] -- looking for PCL_SEGMENTATION
[1.084s] -- looking for PCL_VISUALIZATION
[1.085s] -- looking for PCL_SURFACE
[1.085s] -- looking for PCL_REGISTRATION
[1.086s] -- looking for PCL_KEYPOINTS
[1.087s] -- looking for PCL_TRACKING
[1.087s] -- looking for PCL_RECOGNITION
[1.088s] -- looking for PCL_STEREO
[1.089s] -- looking for PCL_APPS
[1.090s] -- looking for PCL_IN_HAND_SCANNER
[1.091s] -- looking for PCL_POINT_CLOUD_EDITOR
[1.091s] -- looking for PCL_OUTOFCORE
[1.092s] -- looking for PCL_PEOPLE
[1.102s] -- Found ament_lint_auto: 0.10.6 (/opt/ros/galactic/share/ament_lint_auto/cmake)
[1.179s] -- Added test 'copyright' to check source files copyright and LICENSE
[1.179s] -- Added test 'cppcheck' to perform static code analysis on C / C++ code
[1.180s] -- Configured cppcheck include dirs: 
[1.180s] -- Configured cppcheck exclude dirs and/or files: 
[1.181s] -- Added test 'cpplint' to check C / C++ code against the Google style
[1.181s] -- Configured cpplint exclude dirs and/or files: 
[1.181s] -- Added test 'lint_cmake' to check CMake code style
[1.182s] -- Added test 'uncrustify' to check C / C++ code style
[1.182s] -- Configured uncrustify additional arguments: 
[1.183s] -- Added test 'xmllint' to check XML markup files
[1.185s] -- Configuring done
[1.204s] -- Generating done
[1.206s] -- Build files have been written to: /home/arvid/Documents/ros2/ws/build/lidar_cpp
[1.242s] [35m[1mScanning dependencies of target lidar[0m
[1.277s] [ 50%] [32mBuilding CXX object CMakeFiles/lidar.dir/src/lidar_publisher.cpp.o[0m
[10.504s] [100%] [32m[1mLinking CXX executable lidar[0m
[10.743s] /usr/bin/ld: CMakeFiles/lidar.dir/src/lidar_publisher.cpp.o: in function `rs2::error::error(rs2_error*)':
[10.744s] lidar_publisher.cpp:(.text._ZN3rs25errorC2EP9rs2_error[_ZN3rs25errorC5EP9rs2_error]+0x32): undefined reference to `rs2_get_error_message'
[10.744s] /usr/bin/ld: lidar_publisher.cpp:(.text._ZN3rs25errorC2EP9rs2_error[_ZN3rs25errorC5EP9rs2_error]+0x77): undefined reference to `rs2_get_failed_function'
[10.744s] /usr/bin/ld: lidar_publisher.cpp:(.text._ZN3rs25errorC2EP9rs2_error[_ZN3rs25errorC5EP9rs2_error]+0x9e): undefined reference to `rs2_get_failed_function'
[10.745s] /usr/bin/ld: lidar_publisher.cpp:(.text._ZN3rs25errorC2EP9rs2_error[_ZN3rs25errorC5EP9rs2_error]+0x101): undefined reference to `rs2_get_failed_args'
[10.745s] /usr/bin/ld: lidar_publisher.cpp:(.text._ZN3rs25errorC2EP9rs2_error[_ZN3rs25errorC5EP9rs2_error]+0x128): undefined reference to `rs2_get_failed_args'
[10.745s] /usr/bin/ld: lidar_publisher.cpp:(.text._ZN3rs25errorC2EP9rs2_error[_ZN3rs25errorC5EP9rs2_error]+0x18b): undefined reference to `rs2_get_librealsense_exception_type'
[10.746s] /usr/bin/ld: lidar_publisher.cpp:(.text._ZN3rs25errorC2EP9rs2_error[_ZN3rs25errorC5EP9rs2_error]+0x19e): undefined reference to `rs2_free_error'
[10.746s] /usr/bin/ld: CMakeFiles/lidar.dir/src/lidar_publisher.cpp.o: in function `rs2::error::handle(rs2_error*)':
[10.746s] lidar_publisher.cpp:(.text._ZN3rs25error6handleEP9rs2_error[_ZN3rs25error6handleEP9rs2_error]+0x26): undefined reference to `rs2_get_librealsense_exception_type'
[10.746s] /usr/bin/ld: CMakeFiles/lidar.dir/src/lidar_publisher.cpp.o: in function `rs2::context::context()':
[10.747s] lidar_publisher.cpp:(.text._ZN3rs27contextC2Ev[_ZN3rs27contextC5Ev]+0x41): undefined reference to `rs2_create_context'
[10.747s] /usr/bin/ld: lidar_publisher.cpp:(.text._ZN3rs27contextC2Ev[_ZN3rs27contextC5Ev]+0x4f): undefined reference to `rs2_delete_context'
[10.747s] /usr/bin/ld: CMakeFiles/lidar.dir/src/lidar_publisher.cpp.o: in function `rs2::pipeline::pipeline(rs2::context)':
[10.748s] lidar_publisher.cpp:(.text._ZN3rs28pipelineC2ENS_7contextE[_ZN3rs28pipelineC5ENS_7contextE]+0x52): undefined reference to `rs2_create_pipeline'
[10.748s] /usr/bin/ld: lidar_publisher.cpp:(.text._ZN3rs28pipelineC2ENS_7contextE[_ZN3rs28pipelineC5ENS_7contextE]+0x60): undefined reference to `rs2_delete_pipeline'
[10.748s] /usr/bin/ld: CMakeFiles/lidar.dir/src/lidar_publisher.cpp.o: in function `rclcpp::Publisher<sensor_msgs::msg::PointCloud2_<std::allocator<void> >, std::allocator<void> >::Publisher(rclcpp::node_interfaces::NodeBaseInterface*, std::__cxx11::basic_string<char, std::char_traits<char>, std::allocator<char> > const&, rclcpp::QoS const&, rclcpp::PublisherOptionsWithAllocator<std::allocator<void> > const&)':
[10.748s] lidar_publisher.cpp:(.text._ZN6rclcpp9PublisherIN11sensor_msgs3msg12PointCloud2_ISaIvEEES4_EC2EPNS_15node_interfaces17NodeBaseInterfaceERKNSt7__cxx1112basic_stringIcSt11char_traitsIcESaIcEEERKNS_3QoSERKNS_29PublisherOptionsWithAllocatorIS4_EE[_ZN6rclcpp9PublisherIN11sensor_msgs3msg12PointCloud2_ISaIvEEES4_EC5EPNS_15node_interfaces17NodeBaseInterfaceERKNSt7__cxx1112basic_stringIcSt11char_traitsIcESaIcEEERKNS_3QoSERKNS_29PublisherOptionsWithAllocatorIS4_EE]+0x6e): undefined reference to `rosidl_message_type_support_t const* rosidl_typesupport_cpp::get_message_type_support_handle<sensor_msgs::msg::PointCloud2_<std::allocator<void> > >()'
[10.749s] collect2: error: ld returned 1 exit status
[10.749s] make[2]: *** [CMakeFiles/lidar.dir/build.make:145: lidar] Error 1
[10.749s] make[1]: *** [CMakeFiles/Makefile2:78: CMakeFiles/lidar.dir/all] Error 2
[10.750s] make: *** [Makefile:141: all] Error 2
[10.751s] Invoked command in '/home/arvid/Documents/ros2/ws/build/lidar_cpp' returned '2': CMAKE_PREFIX_PATH=/opt/ros/galactic /usr/bin/cmake --build /home/arvid/Documents/ros2/ws/build/lidar_cpp -- -j12 -l12
