[0.027s] Invoking command in '/home/arvid/Documents/ros2/ws/build/lidar_cpp': CMAKE_PREFIX_PATH=/opt/ros/galactic /usr/bin/cmake --build /home/arvid/Documents/ros2/ws/build/lidar_cpp -- -j12 -l12
[0.058s] -- Found ament_cmake: 1.1.5 (/opt/ros/galactic/share/ament_cmake/cmake)
[0.083s] -- Using PYTHON_EXECUTABLE: /usr/bin/python3
[0.153s] -- Found rclcpp: 9.2.0 (/opt/ros/galactic/share/rclcpp/cmake)
[0.192s] -- Using all available rosidl_typesupport_c: rosidl_typesupport_fastrtps_c;rosidl_typesupport_introspection_c
[0.196s] -- Found rosidl_adapter: 2.2.1 (/opt/ros/galactic/share/rosidl_adapter/cmake)
[0.348s] -- Using all available rosidl_typesupport_cpp: rosidl_typesupport_fastrtps_cpp;rosidl_typesupport_introspection_cpp
[0.409s] -- Found rmw_implementation_cmake: 3.3.1 (/opt/ros/galactic/share/rmw_implementation_cmake/cmake)
[0.410s] -- Found rmw_cyclonedds_cpp: 0.22.4 (/opt/ros/galactic/share/rmw_cyclonedds_cpp/cmake)
[0.431s] -- Using RMW implementation 'rmw_cyclonedds_cpp' as default
[0.594s] -- Found sensor_msgs: 2.2.4 (/opt/ros/galactic/share/sensor_msgs/cmake)
[0.738s] CMake Warning at CMakeLists.txt:12 (find_package):
[0.738s]   By not providing "Findlibrealsense2.cmake" in CMAKE_MODULE_PATH this
[0.739s]   project has asked CMake to find a package configuration file provided by
[0.739s]   "librealsense2", but CMake did not find one.
[0.739s] 
[0.739s]   Could not find a package configuration file provided by "librealsense2"
[0.739s]   with any of the following names:
[0.740s] 
[0.740s]     librealsense2Config.cmake
[0.740s]     librealsense2-config.cmake
[0.740s] 
[0.740s]   Add the installation prefix of "librealsense2" to CMAKE_PREFIX_PATH or set
[0.741s]   "librealsense2_DIR" to a directory containing one of the above files.  If
[0.741s]   "librealsense2" provides a separate development package or SDK, be sure it
[0.741s]   has been installed.
[0.741s] 
[0.741s] 
[0.755s] -- Eigen found (include: /usr/include/eigen3, version: 3.3.7)
[0.867s] -- The imported target "vtkParseOGLExt" references the file
[0.867s]    "/usr/bin/vtkParseOGLExt-7.1"
[0.868s] but this file does not exist.  Possible reasons include:
[0.868s] * The file was deleted, renamed, or moved to another location.
[0.868s] * An install or uninstall procedure did not complete successfully.
[0.869s] * The installation package was faulty and contained
[0.869s]    "/usr/lib/cmake/vtk-7.1/VTKTargets.cmake"
[0.869s] but not all the files it references.
[0.869s] 
[0.870s] -- The imported target "vtkRenderingPythonTkWidgets" references the file
[0.870s]    "/usr/lib/x86_64-linux-gnu/libvtkRenderingPythonTkWidgets.so"
[0.870s] but this file does not exist.  Possible reasons include:
[0.870s] * The file was deleted, renamed, or moved to another location.
[0.870s] * An install or uninstall procedure did not complete successfully.
[0.871s] * The installation package was faulty and contained
[0.871s]    "/usr/lib/cmake/vtk-7.1/VTKTargets.cmake"
[0.871s] but not all the files it references.
[0.871s] 
[0.871s] -- The imported target "vtk" references the file
[0.872s]    "/usr/bin/vtk"
[0.872s] but this file does not exist.  Possible reasons include:
[0.872s] * The file was deleted, renamed, or moved to another location.
[0.872s] * An install or uninstall procedure did not complete successfully.
[0.873s] * The installation package was faulty and contained
[0.873s]    "/usr/lib/cmake/vtk-7.1/VTKTargets.cmake"
[0.873s] but not all the files it references.
[0.873s] 
[0.873s] -- The imported target "pvtk" references the file
[0.873s]    "/usr/bin/pvtk"
[0.874s] but this file does not exist.  Possible reasons include:
[0.874s] * The file was deleted, renamed, or moved to another location.
[0.874s] * An install or uninstall procedure did not complete successfully.
[0.874s] * The installation package was faulty and contained
[0.875s]    "/usr/lib/cmake/vtk-7.1/VTKTargets.cmake"
[0.875s] but not all the files it references.
[0.875s] 
[0.894s] -- Checking for module 'libusb-1.0'
[0.899s] --   No package 'libusb-1.0' found
[0.903s] -- Could NOT find USB_10 (missing: USB_10_LIBRARY USB_10_INCLUDE_DIR) 
[0.903s] -- OpenNI disabled because libusb-1.0 not found.
[0.903s] ** WARNING ** io features related to openni will be disabled
[0.909s] -- Checking for module 'libusb-1.0'
[0.913s] --   No package 'libusb-1.0' found
[0.917s] -- Could NOT find USB_10 (missing: USB_10_LIBRARY USB_10_INCLUDE_DIR) 
[0.917s] -- OpenNI 2 disabled because libusb-1.0 not found.
[0.917s] ** WARNING ** io features related to openni2 will be disabled
[0.917s] ** WARNING ** io features related to pcap will be disabled
[0.918s] ** WARNING ** io features related to png will be disabled
[0.939s] -- LIBUSB_1_LIBRARY (missing: LIBUSB_1_INCLUDE_DIR) 
[0.939s] ** WARNING ** io features related to libusb-1.0 will be disabled
[0.950s] -- Checking for module 'libusb-1.0'
[0.955s] --   No package 'libusb-1.0' found
[0.961s] -- Could NOT find USB_10 (missing: USB_10_LIBRARY USB_10_INCLUDE_DIR) 
[0.961s] -- OpenNI disabled because libusb-1.0 not found.
[0.961s] ** WARNING ** visualization features related to openni will be disabled
[0.970s] -- Checking for module 'libusb-1.0'
[0.975s] --   No package 'libusb-1.0' found
[0.980s] -- Could NOT find USB_10 (missing: USB_10_LIBRARY USB_10_INCLUDE_DIR) 
[0.981s] -- OpenNI 2 disabled because libusb-1.0 not found.
[0.981s] ** WARNING ** visualization features related to openni2 will be disabled
[1.003s] -- QHULL found (include: /usr/include, lib: optimized;/usr/lib/x86_64-linux-gnu/libqhull.so;debug;/usr/lib/x86_64-linux-gnu/libqhull.so)
[1.009s] -- Checking for module 'libusb-1.0'
[1.012s] --   No package 'libusb-1.0' found
[1.015s] -- Could NOT find USB_10 (missing: USB_10_LIBRARY USB_10_INCLUDE_DIR) 
[1.016s] -- OpenNI disabled because libusb-1.0 not found.
[1.016s] ** WARNING ** apps features related to openni will be disabled
[1.034s] -- looking for PCL_COMMON
[1.035s] -- looking for PCL_KDTREE
[1.035s] -- looking for PCL_OCTREE
[1.036s] -- looking for PCL_SEARCH
[1.036s] -- looking for PCL_SAMPLE_CONSENSUS
[1.037s] -- looking for PCL_FILTERS
[1.037s] -- looking for PCL_2D
[1.038s] -- looking for PCL_GEOMETRY
[1.038s] -- looking for PCL_IO
[1.039s] -- looking for PCL_FEATURES
[1.040s] -- looking for PCL_ML
[1.040s] -- looking for PCL_SEGMENTATION
[1.041s] -- looking for PCL_VISUALIZATION
[1.042s] -- looking for PCL_SURFACE
[1.042s] -- looking for PCL_REGISTRATION
[1.043s] -- looking for PCL_KEYPOINTS
[1.044s] -- looking for PCL_TRACKING
[1.044s] -- looking for PCL_RECOGNITION
[1.045s] -- looking for PCL_STEREO
[1.046s] -- looking for PCL_APPS
[1.047s] -- looking for PCL_IN_HAND_SCANNER
[1.047s] -- looking for PCL_POINT_CLOUD_EDITOR
[1.048s] -- looking for PCL_OUTOFCORE
[1.049s] -- looking for PCL_PEOPLE
[1.051s] -- Found ament_lint_auto: 0.10.6 (/opt/ros/galactic/share/ament_lint_auto/cmake)
[1.128s] -- Added test 'copyright' to check source files copyright and LICENSE
[1.129s] -- Added test 'cppcheck' to perform static code analysis on C / C++ code
[1.129s] -- Configured cppcheck include dirs: 
[1.129s] -- Configured cppcheck exclude dirs and/or files: 
[1.129s] -- Added test 'cpplint' to check C / C++ code against the Google style
[1.130s] -- Configured cpplint exclude dirs and/or files: 
[1.130s] -- Added test 'lint_cmake' to check CMake code style
[1.131s] -- Added test 'uncrustify' to check C / C++ code style
[1.131s] -- Configured uncrustify additional arguments: 
[1.131s] -- Added test 'xmllint' to check XML markup files
[1.134s] -- Configuring done
[1.142s] -- Generating done
[1.144s] -- Build files have been written to: /home/arvid/Documents/ros2/ws/build/lidar_cpp
[1.192s] [ 50%] [32mBuilding CXX object CMakeFiles/lidar.dir/src/lidar_publisher.cpp.o[0m
[1.335s] [01m[K/home/arvid/Documents/ros2/ws/src/lidar_cpp/src/lidar_publisher.cpp:9:10:[m[K [01;31m[Kfatal error: [m[Kpcl/point_cloud.h: No such file or directory
[1.336s]     9 | #include [01;31m[K"pcl/point_cloud.h"[m[K
[1.336s]       |          [01;31m[K^~~~~~~~~~~~~~~~~~~[m[K
[1.336s] compilation terminated.
[1.340s] make[2]: *** [CMakeFiles/lidar.dir/build.make:63: CMakeFiles/lidar.dir/src/lidar_publisher.cpp.o] Error 1
[1.340s] make[1]: *** [CMakeFiles/Makefile2:78: CMakeFiles/lidar.dir/all] Error 2
[1.341s] make: *** [Makefile:141: all] Error 2
[1.344s] Invoked command in '/home/arvid/Documents/ros2/ws/build/lidar_cpp' returned '2': CMAKE_PREFIX_PATH=/opt/ros/galactic /usr/bin/cmake --build /home/arvid/Documents/ros2/ws/build/lidar_cpp -- -j12 -l12
