[0.033s] Invoking command in '/home/arvid/Documents/ros2/ws/build/lidar_cpp': CMAKE_PREFIX_PATH=/opt/ros/galactic /usr/bin/cmake --build /home/arvid/Documents/ros2/ws/build/lidar_cpp -- -j12 -l12
[0.059s] -- Found ament_cmake: 1.1.5 (/opt/ros/galactic/share/ament_cmake/cmake)
[0.080s] -- Using PYTHON_EXECUTABLE: /usr/bin/python3
[0.148s] -- Found rclcpp: 9.2.0 (/opt/ros/galactic/share/rclcpp/cmake)
[0.189s] -- Using all available rosidl_typesupport_c: rosidl_typesupport_fastrtps_c;rosidl_typesupport_introspection_c
[0.191s] -- Found rosidl_adapter: 2.2.1 (/opt/ros/galactic/share/rosidl_adapter/cmake)
[0.337s] -- Using all available rosidl_typesupport_cpp: rosidl_typesupport_fastrtps_cpp;rosidl_typesupport_introspection_cpp
[0.396s] -- Found rmw_implementation_cmake: 3.3.1 (/opt/ros/galactic/share/rmw_implementation_cmake/cmake)
[0.397s] -- Found rmw_cyclonedds_cpp: 0.22.4 (/opt/ros/galactic/share/rmw_cyclonedds_cpp/cmake)
[0.420s] -- Using RMW implementation 'rmw_cyclonedds_cpp' as default
[0.580s] -- Found sensor_msgs: 2.2.4 (/opt/ros/galactic/share/sensor_msgs/cmake)
[0.726s] -- Eigen found (include: /usr/include/eigen3, version: 3.3.7)
[0.831s] -- The imported target "vtkParseOGLExt" references the file
[0.831s]    "/usr/bin/vtkParseOGLExt-7.1"
[0.831s] but this file does not exist.  Possible reasons include:
[0.832s] * The file was deleted, renamed, or moved to another location.
[0.832s] * An install or uninstall procedure did not complete successfully.
[0.832s] * The installation package was faulty and contained
[0.833s]    "/usr/lib/cmake/vtk-7.1/VTKTargets.cmake"
[0.833s] but not all the files it references.
[0.833s] 
[0.833s] -- The imported target "vtkRenderingPythonTkWidgets" references the file
[0.834s]    "/usr/lib/x86_64-linux-gnu/libvtkRenderingPythonTkWidgets.so"
[0.834s] but this file does not exist.  Possible reasons include:
[0.834s] * The file was deleted, renamed, or moved to another location.
[0.834s] * An install or uninstall procedure did not complete successfully.
[0.834s] * The installation package was faulty and contained
[0.835s]    "/usr/lib/cmake/vtk-7.1/VTKTargets.cmake"
[0.835s] but not all the files it references.
[0.835s] 
[0.835s] -- The imported target "vtk" references the file
[0.835s]    "/usr/bin/vtk"
[0.836s] but this file does not exist.  Possible reasons include:
[0.836s] * The file was deleted, renamed, or moved to another location.
[0.836s] * An install or uninstall procedure did not complete successfully.
[0.836s] * The installation package was faulty and contained
[0.836s]    "/usr/lib/cmake/vtk-7.1/VTKTargets.cmake"
[0.836s] but not all the files it references.
[0.836s] 
[0.836s] -- The imported target "pvtk" references the file
[0.837s]    "/usr/bin/pvtk"
[0.837s] but this file does not exist.  Possible reasons include:
[0.837s] * The file was deleted, renamed, or moved to another location.
[0.837s] * An install or uninstall procedure did not complete successfully.
[0.837s] * The installation package was faulty and contained
[0.837s]    "/usr/lib/cmake/vtk-7.1/VTKTargets.cmake"
[0.837s] but not all the files it references.
[0.837s] 
[0.860s] -- Checking for module 'libusb-1.0'
[0.865s] --   No package 'libusb-1.0' found
[0.872s] -- Could NOT find USB_10 (missing: USB_10_LIBRARY USB_10_INCLUDE_DIR) 
[0.872s] -- OpenNI disabled because libusb-1.0 not found.
[0.872s] ** WARNING ** io features related to openni will be disabled
[0.881s] -- Checking for module 'libusb-1.0'
[0.888s] --   No package 'libusb-1.0' found
[0.893s] -- Could NOT find USB_10 (missing: USB_10_LIBRARY USB_10_INCLUDE_DIR) 
[0.894s] -- OpenNI 2 disabled because libusb-1.0 not found.
[0.894s] ** WARNING ** io features related to openni2 will be disabled
[0.894s] ** WARNING ** io features related to pcap will be disabled
[0.894s] ** WARNING ** io features related to png will be disabled
[0.913s] -- LIBUSB_1_LIBRARY (missing: LIBUSB_1_INCLUDE_DIR) 
[0.914s] ** WARNING ** io features related to libusb-1.0 will be disabled
[0.919s] -- Checking for module 'libusb-1.0'
[0.922s] --   No package 'libusb-1.0' found
[0.925s] -- Could NOT find USB_10 (missing: USB_10_LIBRARY USB_10_INCLUDE_DIR) 
[0.926s] -- OpenNI disabled because libusb-1.0 not found.
[0.926s] ** WARNING ** visualization features related to openni will be disabled
[0.931s] -- Checking for module 'libusb-1.0'
[0.937s] --   No package 'libusb-1.0' found
[0.943s] -- Could NOT find USB_10 (missing: USB_10_LIBRARY USB_10_INCLUDE_DIR) 
[0.943s] -- OpenNI 2 disabled because libusb-1.0 not found.
[0.943s] ** WARNING ** visualization features related to openni2 will be disabled
[0.967s] -- QHULL found (include: /usr/include, lib: optimized;/usr/lib/x86_64-linux-gnu/libqhull.so;debug;/usr/lib/x86_64-linux-gnu/libqhull.so)
[0.976s] -- Checking for module 'libusb-1.0'
[0.979s] --   No package 'libusb-1.0' found
[0.984s] -- Could NOT find USB_10 (missing: USB_10_LIBRARY USB_10_INCLUDE_DIR) 
[0.984s] -- OpenNI disabled because libusb-1.0 not found.
[0.984s] ** WARNING ** apps features related to openni will be disabled
[1.004s] -- looking for PCL_COMMON
[1.005s] -- looking for PCL_KDTREE
[1.005s] -- looking for PCL_OCTREE
[1.006s] -- looking for PCL_SEARCH
[1.006s] -- looking for PCL_SAMPLE_CONSENSUS
[1.007s] -- looking for PCL_FILTERS
[1.007s] -- looking for PCL_2D
[1.008s] -- looking for PCL_GEOMETRY
[1.008s] -- looking for PCL_IO
[1.009s] -- looking for PCL_FEATURES
[1.010s] -- looking for PCL_ML
[1.010s] -- looking for PCL_SEGMENTATION
[1.011s] -- looking for PCL_VISUALIZATION
[1.012s] -- looking for PCL_SURFACE
[1.013s] -- looking for PCL_REGISTRATION
[1.013s] -- looking for PCL_KEYPOINTS
[1.014s] -- looking for PCL_TRACKING
[1.015s] -- looking for PCL_RECOGNITION
[1.016s] -- looking for PCL_STEREO
[1.016s] -- looking for PCL_APPS
[1.018s] -- looking for PCL_IN_HAND_SCANNER
[1.018s] -- looking for PCL_POINT_CLOUD_EDITOR
[1.019s] -- looking for PCL_OUTOFCORE
[1.020s] -- looking for PCL_PEOPLE
[1.029s] -- Found ament_lint_auto: 0.10.6 (/opt/ros/galactic/share/ament_lint_auto/cmake)
[1.103s] -- Added test 'copyright' to check source files copyright and LICENSE
[1.104s] -- Added test 'cppcheck' to perform static code analysis on C / C++ code
[1.104s] -- Configured cppcheck include dirs: 
[1.105s] -- Configured cppcheck exclude dirs and/or files: 
[1.105s] -- Added test 'cpplint' to check C / C++ code against the Google style
[1.105s] -- Configured cpplint exclude dirs and/or files: 
[1.106s] -- Added test 'lint_cmake' to check CMake code style
[1.106s] -- Added test 'uncrustify' to check C / C++ code style
[1.107s] -- Configured uncrustify additional arguments: 
[1.107s] -- Added test 'xmllint' to check XML markup files
[1.109s] -- Configuring done
[1.120s] -- Generating done
[1.122s] -- Build files have been written to: /home/arvid/Documents/ros2/ws/build/lidar_cpp
[1.181s] [ 50%] [32m[1mLinking CXX executable lidar[0m
[1.372s] /usr/bin/ld: CMakeFiles/lidar.dir/src/lidar_publisher.cpp.o: in function `rs2::error::error(rs2_error*)':
[1.372s] lidar_publisher.cpp:(.text._ZN3rs25errorC2EP9rs2_error[_ZN3rs25errorC5EP9rs2_error]+0x32): undefined reference to `rs2_get_error_message'
[1.372s] /usr/bin/ld: lidar_publisher.cpp:(.text._ZN3rs25errorC2EP9rs2_error[_ZN3rs25errorC5EP9rs2_error]+0x77): undefined reference to `rs2_get_failed_function'
[1.373s] /usr/bin/ld: lidar_publisher.cpp:(.text._ZN3rs25errorC2EP9rs2_error[_ZN3rs25errorC5EP9rs2_error]+0x9e): undefined reference to `rs2_get_failed_function'
[1.373s] /usr/bin/ld: lidar_publisher.cpp:(.text._ZN3rs25errorC2EP9rs2_error[_ZN3rs25errorC5EP9rs2_error]+0x101): undefined reference to `rs2_get_failed_args'
[1.373s] /usr/bin/ld: lidar_publisher.cpp:(.text._ZN3rs25errorC2EP9rs2_error[_ZN3rs25errorC5EP9rs2_error]+0x128): undefined reference to `rs2_get_failed_args'
[1.373s] /usr/bin/ld: lidar_publisher.cpp:(.text._ZN3rs25errorC2EP9rs2_error[_ZN3rs25errorC5EP9rs2_error]+0x18b): undefined reference to `rs2_get_librealsense_exception_type'
[1.374s] /usr/bin/ld: lidar_publisher.cpp:(.text._ZN3rs25errorC2EP9rs2_error[_ZN3rs25errorC5EP9rs2_error]+0x19e): undefined reference to `rs2_free_error'
[1.374s] /usr/bin/ld: CMakeFiles/lidar.dir/src/lidar_publisher.cpp.o: in function `rs2::error::handle(rs2_error*)':
[1.374s] lidar_publisher.cpp:(.text._ZN3rs25error6handleEP9rs2_error[_ZN3rs25error6handleEP9rs2_error]+0x26): undefined reference to `rs2_get_librealsense_exception_type'
[1.374s] /usr/bin/ld: CMakeFiles/lidar.dir/src/lidar_publisher.cpp.o: in function `rs2::context::context()':
[1.375s] lidar_publisher.cpp:(.text._ZN3rs27contextC2Ev[_ZN3rs27contextC5Ev]+0x41): undefined reference to `rs2_create_context'
[1.375s] /usr/bin/ld: lidar_publisher.cpp:(.text._ZN3rs27contextC2Ev[_ZN3rs27contextC5Ev]+0x4f): undefined reference to `rs2_delete_context'
[1.375s] /usr/bin/ld: CMakeFiles/lidar.dir/src/lidar_publisher.cpp.o: in function `rs2::pipeline::pipeline(rs2::context)':
[1.375s] lidar_publisher.cpp:(.text._ZN3rs28pipelineC2ENS_7contextE[_ZN3rs28pipelineC5ENS_7contextE]+0x52): undefined reference to `rs2_create_pipeline'
[1.376s] /usr/bin/ld: lidar_publisher.cpp:(.text._ZN3rs28pipelineC2ENS_7contextE[_ZN3rs28pipelineC5ENS_7contextE]+0x60): undefined reference to `rs2_delete_pipeline'
[1.376s] /usr/bin/ld: CMakeFiles/lidar.dir/src/lidar_publisher.cpp.o: in function `rclcpp::Publisher<sensor_msgs::msg::PointCloud2_<std::allocator<void> >, std::allocator<void> >::Publisher(rclcpp::node_interfaces::NodeBaseInterface*, std::__cxx11::basic_string<char, std::char_traits<char>, std::allocator<char> > const&, rclcpp::QoS const&, rclcpp::PublisherOptionsWithAllocator<std::allocator<void> > const&)':
[1.376s] lidar_publisher.cpp:(.text._ZN6rclcpp9PublisherIN11sensor_msgs3msg12PointCloud2_ISaIvEEES4_EC2EPNS_15node_interfaces17NodeBaseInterfaceERKNSt7__cxx1112basic_stringIcSt11char_traitsIcESaIcEEERKNS_3QoSERKNS_29PublisherOptionsWithAllocatorIS4_EE[_ZN6rclcpp9PublisherIN11sensor_msgs3msg12PointCloud2_ISaIvEEES4_EC5EPNS_15node_interfaces17NodeBaseInterfaceERKNSt7__cxx1112basic_stringIcSt11char_traitsIcESaIcEEERKNS_3QoSERKNS_29PublisherOptionsWithAllocatorIS4_EE]+0x6e): undefined reference to `rosidl_message_type_support_t const* rosidl_typesupport_cpp::get_message_type_support_handle<sensor_msgs::msg::PointCloud2_<std::allocator<void> > >()'
[1.376s] collect2: error: ld returned 1 exit status
[1.377s] make[2]: *** [CMakeFiles/lidar.dir/build.make:145: lidar] Error 1
[1.377s] make[1]: *** [CMakeFiles/Makefile2:78: CMakeFiles/lidar.dir/all] Error 2
[1.377s] make: *** [Makefile:141: all] Error 2
[1.380s] Invoked command in '/home/arvid/Documents/ros2/ws/build/lidar_cpp' returned '2': CMAKE_PREFIX_PATH=/opt/ros/galactic /usr/bin/cmake --build /home/arvid/Documents/ros2/ws/build/lidar_cpp -- -j12 -l12
