[0.027s] Invoking command in '/home/arvid/Documents/ros2/ws/build/lidar_cpp': CMAKE_PREFIX_PATH=/opt/ros/galactic /usr/bin/cmake --build /home/arvid/Documents/ros2/ws/build/lidar_cpp -- -j12 -l12
[0.054s] -- Found ament_cmake: 1.1.5 (/opt/ros/galactic/share/ament_cmake/cmake)
[0.080s] -- Using PYTHON_EXECUTABLE: /usr/bin/python3
[0.148s] -- Found rclcpp: 9.2.0 (/opt/ros/galactic/share/rclcpp/cmake)
[0.187s] -- Using all available rosidl_typesupport_c: rosidl_typesupport_fastrtps_c;rosidl_typesupport_introspection_c
[0.191s] -- Found rosidl_adapter: 2.2.1 (/opt/ros/galactic/share/rosidl_adapter/cmake)
[0.349s] -- Using all available rosidl_typesupport_cpp: rosidl_typesupport_fastrtps_cpp;rosidl_typesupport_introspection_cpp
[0.411s] -- Found rmw_implementation_cmake: 3.3.1 (/opt/ros/galactic/share/rmw_implementation_cmake/cmake)
[0.412s] -- Found rmw_cyclonedds_cpp: 0.22.4 (/opt/ros/galactic/share/rmw_cyclonedds_cpp/cmake)
[0.433s] -- Using RMW implementation 'rmw_cyclonedds_cpp' as default
[0.593s] -- Found sensor_msgs: 2.2.4 (/opt/ros/galactic/share/sensor_msgs/cmake)
[0.735s] CMake Warning at CMakeLists.txt:12 (find_package):
[0.736s]   By not providing "Findlibrealsense2.cmake" in CMAKE_MODULE_PATH this
[0.736s]   project has asked CMake to find a package configuration file provided by
[0.736s]   "librealsense2", but CMake did not find one.
[0.737s] 
[0.737s]   Could not find a package configuration file provided by "librealsense2"
[0.737s]   with any of the following names:
[0.737s] 
[0.738s]     librealsense2Config.cmake
[0.738s]     librealsense2-config.cmake
[0.738s] 
[0.738s]   Add the installation prefix of "librealsense2" to CMAKE_PREFIX_PATH or set
[0.739s]   "librealsense2_DIR" to a directory containing one of the above files.  If
[0.739s]   "librealsense2" provides a separate development package or SDK, be sure it
[0.739s]   has been installed.
[0.740s] 
[0.740s] 
[0.754s] -- Eigen found (include: /usr/include/eigen3, version: 3.3.7)
[0.864s] -- The imported target "vtkParseOGLExt" references the file
[0.864s]    "/usr/bin/vtkParseOGLExt-7.1"
[0.864s] but this file does not exist.  Possible reasons include:
[0.864s] * The file was deleted, renamed, or moved to another location.
[0.865s] * An install or uninstall procedure did not complete successfully.
[0.865s] * The installation package was faulty and contained
[0.865s]    "/usr/lib/cmake/vtk-7.1/VTKTargets.cmake"
[0.866s] but not all the files it references.
[0.866s] 
[0.866s] -- The imported target "vtkRenderingPythonTkWidgets" references the file
[0.866s]    "/usr/lib/x86_64-linux-gnu/libvtkRenderingPythonTkWidgets.so"
[0.866s] but this file does not exist.  Possible reasons include:
[0.867s] * The file was deleted, renamed, or moved to another location.
[0.867s] * An install or uninstall procedure did not complete successfully.
[0.867s] * The installation package was faulty and contained
[0.867s]    "/usr/lib/cmake/vtk-7.1/VTKTargets.cmake"
[0.868s] but not all the files it references.
[0.868s] 
[0.868s] -- The imported target "vtk" references the file
[0.868s]    "/usr/bin/vtk"
[0.869s] but this file does not exist.  Possible reasons include:
[0.869s] * The file was deleted, renamed, or moved to another location.
[0.869s] * An install or uninstall procedure did not complete successfully.
[0.869s] * The installation package was faulty and contained
[0.869s]    "/usr/lib/cmake/vtk-7.1/VTKTargets.cmake"
[0.869s] but not all the files it references.
[0.869s] 
[0.870s] -- The imported target "pvtk" references the file
[0.870s]    "/usr/bin/pvtk"
[0.870s] but this file does not exist.  Possible reasons include:
[0.870s] * The file was deleted, renamed, or moved to another location.
[0.870s] * An install or uninstall procedure did not complete successfully.
[0.870s] * The installation package was faulty and contained
[0.870s]    "/usr/lib/cmake/vtk-7.1/VTKTargets.cmake"
[0.870s] but not all the files it references.
[0.870s] 
[0.890s] -- Checking for module 'libusb-1.0'
[0.895s] --   No package 'libusb-1.0' found
[0.902s] -- Could NOT find USB_10 (missing: USB_10_LIBRARY USB_10_INCLUDE_DIR) 
[0.902s] -- OpenNI disabled because libusb-1.0 not found.
[0.902s] ** WARNING ** io features related to openni will be disabled
[0.909s] -- Checking for module 'libusb-1.0'
[0.912s] --   No package 'libusb-1.0' found
[0.919s] -- Could NOT find USB_10 (missing: USB_10_LIBRARY USB_10_INCLUDE_DIR) 
[0.920s] -- OpenNI 2 disabled because libusb-1.0 not found.
[0.920s] ** WARNING ** io features related to openni2 will be disabled
[0.920s] ** WARNING ** io features related to pcap will be disabled
[0.921s] ** WARNING ** io features related to png will be disabled
[0.941s] -- LIBUSB_1_LIBRARY (missing: LIBUSB_1_INCLUDE_DIR) 
[0.941s] ** WARNING ** io features related to libusb-1.0 will be disabled
[0.947s] -- Checking for module 'libusb-1.0'
[0.951s] --   No package 'libusb-1.0' found
[0.958s] -- Could NOT find USB_10 (missing: USB_10_LIBRARY USB_10_INCLUDE_DIR) 
[0.958s] -- OpenNI disabled because libusb-1.0 not found.
[0.958s] ** WARNING ** visualization features related to openni will be disabled
[0.965s] -- Checking for module 'libusb-1.0'
[0.969s] --   No package 'libusb-1.0' found
[0.973s] -- Could NOT find USB_10 (missing: USB_10_LIBRARY USB_10_INCLUDE_DIR) 
[0.973s] -- OpenNI 2 disabled because libusb-1.0 not found.
[0.973s] ** WARNING ** visualization features related to openni2 will be disabled
[0.993s] -- QHULL found (include: /usr/include, lib: optimized;/usr/lib/x86_64-linux-gnu/libqhull.so;debug;/usr/lib/x86_64-linux-gnu/libqhull.so)
[0.999s] -- Checking for module 'libusb-1.0'
[1.003s] --   No package 'libusb-1.0' found
[1.006s] -- Could NOT find USB_10 (missing: USB_10_LIBRARY USB_10_INCLUDE_DIR) 
[1.007s] -- OpenNI disabled because libusb-1.0 not found.
[1.007s] ** WARNING ** apps features related to openni will be disabled
[1.025s] -- looking for PCL_COMMON
[1.025s] -- looking for PCL_KDTREE
[1.025s] -- looking for PCL_OCTREE
[1.026s] -- looking for PCL_SEARCH
[1.027s] -- looking for PCL_SAMPLE_CONSENSUS
[1.027s] -- looking for PCL_FILTERS
[1.028s] -- looking for PCL_2D
[1.028s] -- looking for PCL_GEOMETRY
[1.029s] -- looking for PCL_IO
[1.029s] -- looking for PCL_FEATURES
[1.030s] -- looking for PCL_ML
[1.031s] -- looking for PCL_SEGMENTATION
[1.032s] -- looking for PCL_VISUALIZATION
[1.032s] -- looking for PCL_SURFACE
[1.033s] -- looking for PCL_REGISTRATION
[1.034s] -- looking for PCL_KEYPOINTS
[1.035s] -- looking for PCL_TRACKING
[1.035s] -- looking for PCL_RECOGNITION
[1.036s] -- looking for PCL_STEREO
[1.037s] -- looking for PCL_APPS
[1.038s] -- looking for PCL_IN_HAND_SCANNER
[1.038s] -- looking for PCL_POINT_CLOUD_EDITOR
[1.039s] -- looking for PCL_OUTOFCORE
[1.040s] -- looking for PCL_PEOPLE
[1.042s] -- Found ament_lint_auto: 0.10.6 (/opt/ros/galactic/share/ament_lint_auto/cmake)
[1.115s] -- Added test 'copyright' to check source files copyright and LICENSE
[1.116s] -- Added test 'cppcheck' to perform static code analysis on C / C++ code
[1.116s] -- Configured cppcheck include dirs: 
[1.116s] -- Configured cppcheck exclude dirs and/or files: 
[1.117s] -- Added test 'cpplint' to check C / C++ code against the Google style
[1.117s] -- Configured cpplint exclude dirs and/or files: 
[1.117s] -- Added test 'lint_cmake' to check CMake code style
[1.118s] -- Added test 'uncrustify' to check C / C++ code style
[1.118s] -- Configured uncrustify additional arguments: 
[1.118s] -- Added test 'xmllint' to check XML markup files
[1.121s] -- Configuring done
[1.129s] -- Generating done
[1.131s] -- Build files have been written to: /home/arvid/Documents/ros2/ws/build/lidar_cpp
[1.205s] [ 50%] [32mBuilding CXX object CMakeFiles/lidar.dir/src/lidar_publisher.cpp.o[0m
[1.351s] [01m[K/home/arvid/Documents/ros2/ws/src/lidar_cpp/src/lidar_publisher.cpp:9:10:[m[K [01;31m[Kfatal error: [m[Kpcl/point_cloud.h: No such file or directory
[1.351s]     9 | #include [01;31m[K"pcl/point_cloud.h"[m[K
[1.352s]       |          [01;31m[K^~~~~~~~~~~~~~~~~~~[m[K
[1.352s] compilation terminated.
[1.355s] make[2]: *** [CMakeFiles/lidar.dir/build.make:63: CMakeFiles/lidar.dir/src/lidar_publisher.cpp.o] Error 1
[1.356s] make[1]: *** [CMakeFiles/Makefile2:78: CMakeFiles/lidar.dir/all] Error 2
[1.356s] make: *** [Makefile:141: all] Error 2
[1.361s] Invoked command in '/home/arvid/Documents/ros2/ws/build/lidar_cpp' returned '2': CMAKE_PREFIX_PATH=/opt/ros/galactic /usr/bin/cmake --build /home/arvid/Documents/ros2/ws/build/lidar_cpp -- -j12 -l12
