[0.023s] Invoking command in '/home/arvid/Documents/ros2/ws/build/lidar_cpp': CMAKE_PREFIX_PATH=/opt/ros/galactic /usr/bin/cmake --build /home/arvid/Documents/ros2/ws/build/lidar_cpp -- -j12 -l12
[0.052s] -- Found ament_cmake: 1.1.5 (/opt/ros/galactic/share/ament_cmake/cmake)
[0.077s] -- Using PYTHON_EXECUTABLE: /usr/bin/python3
[0.152s] -- Found rclcpp: 9.2.0 (/opt/ros/galactic/share/rclcpp/cmake)
[0.189s] -- Using all available rosidl_typesupport_c: rosidl_typesupport_fastrtps_c;rosidl_typesupport_introspection_c
[0.193s] -- Found rosidl_adapter: 2.2.1 (/opt/ros/galactic/share/rosidl_adapter/cmake)
[0.343s] -- Using all available rosidl_typesupport_cpp: rosidl_typesupport_fastrtps_cpp;rosidl_typesupport_introspection_cpp
[0.405s] -- Found rmw_implementation_cmake: 3.3.1 (/opt/ros/galactic/share/rmw_implementation_cmake/cmake)
[0.406s] -- Found rmw_cyclonedds_cpp: 0.22.4 (/opt/ros/galactic/share/rmw_cyclonedds_cpp/cmake)
[0.427s] -- Using RMW implementation 'rmw_cyclonedds_cpp' as default
[0.587s] -- Found sensor_msgs: 2.2.4 (/opt/ros/galactic/share/sensor_msgs/cmake)
[0.741s] -- Eigen found (include: /usr/include/eigen3, version: 3.3.7)
[0.856s] -- The imported target "vtkParseOGLExt" references the file
[0.856s]    "/usr/bin/vtkParseOGLExt-7.1"
[0.856s] but this file does not exist.  Possible reasons include:
[0.856s] * The file was deleted, renamed, or moved to another location.
[0.856s] * An install or uninstall procedure did not complete successfully.
[0.856s] * The installation package was faulty and contained
[0.857s]    "/usr/lib/cmake/vtk-7.1/VTKTargets.cmake"
[0.857s] but not all the files it references.
[0.857s] 
[0.857s] -- The imported target "vtkRenderingPythonTkWidgets" references the file
[0.857s]    "/usr/lib/x86_64-linux-gnu/libvtkRenderingPythonTkWidgets.so"
[0.857s] but this file does not exist.  Possible reasons include:
[0.857s] * The file was deleted, renamed, or moved to another location.
[0.858s] * An install or uninstall procedure did not complete successfully.
[0.858s] * The installation package was faulty and contained
[0.858s]    "/usr/lib/cmake/vtk-7.1/VTKTargets.cmake"
[0.858s] but not all the files it references.
[0.858s] 
[0.858s] -- The imported target "vtk" references the file
[0.858s]    "/usr/bin/vtk"
[0.858s] but this file does not exist.  Possible reasons include:
[0.859s] * The file was deleted, renamed, or moved to another location.
[0.859s] * An install or uninstall procedure did not complete successfully.
[0.859s] * The installation package was faulty and contained
[0.859s]    "/usr/lib/cmake/vtk-7.1/VTKTargets.cmake"
[0.859s] but not all the files it references.
[0.859s] 
[0.859s] -- The imported target "pvtk" references the file
[0.859s]    "/usr/bin/pvtk"
[0.860s] but this file does not exist.  Possible reasons include:
[0.860s] * The file was deleted, renamed, or moved to another location.
[0.860s] * An install or uninstall procedure did not complete successfully.
[0.860s] * The installation package was faulty and contained
[0.860s]    "/usr/lib/cmake/vtk-7.1/VTKTargets.cmake"
[0.860s] but not all the files it references.
[0.860s] 
[0.885s] -- Checking for module 'libusb-1.0'
[0.891s] --   No package 'libusb-1.0' found
[0.895s] -- Could NOT find USB_10 (missing: USB_10_LIBRARY USB_10_INCLUDE_DIR) 
[0.896s] -- OpenNI disabled because libusb-1.0 not found.
[0.896s] ** WARNING ** io features related to openni will be disabled
[0.905s] -- Checking for module 'libusb-1.0'
[0.911s] --   No package 'libusb-1.0' found
[0.918s] -- Could NOT find USB_10 (missing: USB_10_LIBRARY USB_10_INCLUDE_DIR) 
[0.918s] -- OpenNI 2 disabled because libusb-1.0 not found.
[0.918s] ** WARNING ** io features related to openni2 will be disabled
[0.918s] ** WARNING ** io features related to pcap will be disabled
[0.919s] ** WARNING ** io features related to png will be disabled
[0.940s] -- LIBUSB_1_LIBRARY (missing: LIBUSB_1_INCLUDE_DIR) 
[0.940s] ** WARNING ** io features related to libusb-1.0 will be disabled
[0.949s] -- Checking for module 'libusb-1.0'
[0.953s] --   No package 'libusb-1.0' found
[0.959s] -- Could NOT find USB_10 (missing: USB_10_LIBRARY USB_10_INCLUDE_DIR) 
[0.959s] -- OpenNI disabled because libusb-1.0 not found.
[0.960s] ** WARNING ** visualization features related to openni will be disabled
[0.969s] -- Checking for module 'libusb-1.0'
[0.974s] --   No package 'libusb-1.0' found
[0.980s] -- Could NOT find USB_10 (missing: USB_10_LIBRARY USB_10_INCLUDE_DIR) 
[0.980s] -- OpenNI 2 disabled because libusb-1.0 not found.
[0.980s] ** WARNING ** visualization features related to openni2 will be disabled
[0.999s] -- QHULL found (include: /usr/include, lib: optimized;/usr/lib/x86_64-linux-gnu/libqhull.so;debug;/usr/lib/x86_64-linux-gnu/libqhull.so)
[1.005s] -- Checking for module 'libusb-1.0'
[1.009s] --   No package 'libusb-1.0' found
[1.013s] -- Could NOT find USB_10 (missing: USB_10_LIBRARY USB_10_INCLUDE_DIR) 
[1.013s] -- OpenNI disabled because libusb-1.0 not found.
[1.013s] ** WARNING ** apps features related to openni will be disabled
[1.029s] -- looking for PCL_COMMON
[1.030s] -- looking for PCL_KDTREE
[1.031s] -- looking for PCL_OCTREE
[1.031s] -- looking for PCL_SEARCH
[1.032s] -- looking for PCL_SAMPLE_CONSENSUS
[1.032s] -- looking for PCL_FILTERS
[1.033s] -- looking for PCL_2D
[1.033s] -- looking for PCL_GEOMETRY
[1.034s] -- looking for PCL_IO
[1.034s] -- looking for PCL_FEATURES
[1.035s] -- looking for PCL_ML
[1.036s] -- looking for PCL_SEGMENTATION
[1.036s] -- looking for PCL_VISUALIZATION
[1.037s] -- looking for PCL_SURFACE
[1.038s] -- looking for PCL_REGISTRATION
[1.039s] -- looking for PCL_KEYPOINTS
[1.039s] -- looking for PCL_TRACKING
[1.040s] -- looking for PCL_RECOGNITION
[1.041s] -- looking for PCL_STEREO
[1.041s] -- looking for PCL_APPS
[1.042s] -- looking for PCL_IN_HAND_SCANNER
[1.043s] -- looking for PCL_POINT_CLOUD_EDITOR
[1.043s] -- looking for PCL_OUTOFCORE
[1.044s] -- looking for PCL_PEOPLE
[1.053s] -- Found ament_lint_auto: 0.10.6 (/opt/ros/galactic/share/ament_lint_auto/cmake)
[1.132s] -- Added test 'copyright' to check source files copyright and LICENSE
[1.133s] -- Added test 'cppcheck' to perform static code analysis on C / C++ code
[1.134s] -- Configured cppcheck include dirs: 
[1.134s] -- Configured cppcheck exclude dirs and/or files: 
[1.134s] -- Added test 'cpplint' to check C / C++ code against the Google style
[1.134s] -- Configured cpplint exclude dirs and/or files: 
[1.135s] -- Added test 'lint_cmake' to check CMake code style
[1.135s] -- Added test 'uncrustify' to check C / C++ code style
[1.136s] -- Configured uncrustify additional arguments: 
[1.136s] -- Added test 'xmllint' to check XML markup files
[1.141s] -- Configuring done
[1.151s] -- Generating done
[1.153s] -- Build files have been written to: /home/arvid/Documents/ros2/ws/build/lidar_cpp
[1.222s] [ 50%] [32m[1mLinking CXX executable lidar[0m
[1.406s] /usr/bin/ld: CMakeFiles/lidar.dir/src/lidar_publisher.cpp.o: in function `rs2::error::error(rs2_error*)':
[1.407s] lidar_publisher.cpp:(.text._ZN3rs25errorC2EP9rs2_error[_ZN3rs25errorC5EP9rs2_error]+0x32): undefined reference to `rs2_get_error_message'
[1.407s] /usr/bin/ld: lidar_publisher.cpp:(.text._ZN3rs25errorC2EP9rs2_error[_ZN3rs25errorC5EP9rs2_error]+0x77): undefined reference to `rs2_get_failed_function'
[1.408s] /usr/bin/ld: lidar_publisher.cpp:(.text._ZN3rs25errorC2EP9rs2_error[_ZN3rs25errorC5EP9rs2_error]+0x9e): undefined reference to `rs2_get_failed_function'
[1.408s] /usr/bin/ld: lidar_publisher.cpp:(.text._ZN3rs25errorC2EP9rs2_error[_ZN3rs25errorC5EP9rs2_error]+0x101): undefined reference to `rs2_get_failed_args'
[1.408s] /usr/bin/ld: lidar_publisher.cpp:(.text._ZN3rs25errorC2EP9rs2_error[_ZN3rs25errorC5EP9rs2_error]+0x128): undefined reference to `rs2_get_failed_args'
[1.408s] /usr/bin/ld: lidar_publisher.cpp:(.text._ZN3rs25errorC2EP9rs2_error[_ZN3rs25errorC5EP9rs2_error]+0x18b): undefined reference to `rs2_get_librealsense_exception_type'
[1.408s] /usr/bin/ld: lidar_publisher.cpp:(.text._ZN3rs25errorC2EP9rs2_error[_ZN3rs25errorC5EP9rs2_error]+0x19e): undefined reference to `rs2_free_error'
[1.409s] /usr/bin/ld: CMakeFiles/lidar.dir/src/lidar_publisher.cpp.o: in function `rs2::error::handle(rs2_error*)':
[1.409s] lidar_publisher.cpp:(.text._ZN3rs25error6handleEP9rs2_error[_ZN3rs25error6handleEP9rs2_error]+0x26): undefined reference to `rs2_get_librealsense_exception_type'
[1.409s] /usr/bin/ld: CMakeFiles/lidar.dir/src/lidar_publisher.cpp.o: in function `rs2::context::context()':
[1.409s] lidar_publisher.cpp:(.text._ZN3rs27contextC2Ev[_ZN3rs27contextC5Ev]+0x41): undefined reference to `rs2_create_context'
[1.409s] /usr/bin/ld: lidar_publisher.cpp:(.text._ZN3rs27contextC2Ev[_ZN3rs27contextC5Ev]+0x4f): undefined reference to `rs2_delete_context'
[1.410s] /usr/bin/ld: CMakeFiles/lidar.dir/src/lidar_publisher.cpp.o: in function `rs2::pipeline::pipeline(rs2::context)':
[1.410s] lidar_publisher.cpp:(.text._ZN3rs28pipelineC2ENS_7contextE[_ZN3rs28pipelineC5ENS_7contextE]+0x52): undefined reference to `rs2_create_pipeline'
[1.410s] /usr/bin/ld: lidar_publisher.cpp:(.text._ZN3rs28pipelineC2ENS_7contextE[_ZN3rs28pipelineC5ENS_7contextE]+0x60): undefined reference to `rs2_delete_pipeline'
[1.411s] /usr/bin/ld: CMakeFiles/lidar.dir/src/lidar_publisher.cpp.o: in function `rclcpp::Publisher<sensor_msgs::msg::PointCloud2_<std::allocator<void> >, std::allocator<void> >::Publisher(rclcpp::node_interfaces::NodeBaseInterface*, std::__cxx11::basic_string<char, std::char_traits<char>, std::allocator<char> > const&, rclcpp::QoS const&, rclcpp::PublisherOptionsWithAllocator<std::allocator<void> > const&)':
[1.411s] lidar_publisher.cpp:(.text._ZN6rclcpp9PublisherIN11sensor_msgs3msg12PointCloud2_ISaIvEEES4_EC2EPNS_15node_interfaces17NodeBaseInterfaceERKNSt7__cxx1112basic_stringIcSt11char_traitsIcESaIcEEERKNS_3QoSERKNS_29PublisherOptionsWithAllocatorIS4_EE[_ZN6rclcpp9PublisherIN11sensor_msgs3msg12PointCloud2_ISaIvEEES4_EC5EPNS_15node_interfaces17NodeBaseInterfaceERKNSt7__cxx1112basic_stringIcSt11char_traitsIcESaIcEEERKNS_3QoSERKNS_29PublisherOptionsWithAllocatorIS4_EE]+0x6e): undefined reference to `rosidl_message_type_support_t const* rosidl_typesupport_cpp::get_message_type_support_handle<sensor_msgs::msg::PointCloud2_<std::allocator<void> > >()'
[1.411s] collect2: error: ld returned 1 exit status
[1.411s] make[2]: *** [CMakeFiles/lidar.dir/build.make:145: lidar] Error 1
[1.412s] make[1]: *** [CMakeFiles/Makefile2:78: CMakeFiles/lidar.dir/all] Error 2
[1.412s] make: *** [Makefile:141: all] Error 2
[1.414s] Invoked command in '/home/arvid/Documents/ros2/ws/build/lidar_cpp' returned '2': CMAKE_PREFIX_PATH=/opt/ros/galactic /usr/bin/cmake --build /home/arvid/Documents/ros2/ws/build/lidar_cpp -- -j12 -l12
