[0.025s] Invoking command in '/home/arvid/Documents/ros2/ws/build/lidar_cpp': CMAKE_PREFIX_PATH=/opt/ros/galactic /usr/bin/cmake --build /home/arvid/Documents/ros2/ws/build/lidar_cpp -- -j12 -l12
[0.059s] -- Found ament_cmake: 1.1.5 (/opt/ros/galactic/share/ament_cmake/cmake)
[0.086s] -- Using PYTHON_EXECUTABLE: /usr/bin/python3
[0.158s] -- Found rclcpp: 9.2.0 (/opt/ros/galactic/share/rclcpp/cmake)
[0.198s] -- Using all available rosidl_typesupport_c: rosidl_typesupport_fastrtps_c;rosidl_typesupport_introspection_c
[0.203s] -- Found rosidl_adapter: 2.2.1 (/opt/ros/galactic/share/rosidl_adapter/cmake)
[0.364s] -- Using all available rosidl_typesupport_cpp: rosidl_typesupport_fastrtps_cpp;rosidl_typesupport_introspection_cpp
[0.425s] -- Found rmw_implementation_cmake: 3.3.1 (/opt/ros/galactic/share/rmw_implementation_cmake/cmake)
[0.427s] -- Found rmw_cyclonedds_cpp: 0.22.4 (/opt/ros/galactic/share/rmw_cyclonedds_cpp/cmake)
[0.447s] -- Using RMW implementation 'rmw_cyclonedds_cpp' as default
[0.608s] -- Found sensor_msgs: 2.2.4 (/opt/ros/galactic/share/sensor_msgs/cmake)
[0.769s] -- Eigen found (include: /usr/include/eigen3, version: 3.3.7)
[0.879s] -- The imported target "vtkParseOGLExt" references the file
[0.879s]    "/usr/bin/vtkParseOGLExt-7.1"
[0.879s] but this file does not exist.  Possible reasons include:
[0.880s] * The file was deleted, renamed, or moved to another location.
[0.880s] * An install or uninstall procedure did not complete successfully.
[0.880s] * The installation package was faulty and contained
[0.880s]    "/usr/lib/cmake/vtk-7.1/VTKTargets.cmake"
[0.880s] but not all the files it references.
[0.881s] 
[0.881s] -- The imported target "vtkRenderingPythonTkWidgets" references the file
[0.881s]    "/usr/lib/x86_64-linux-gnu/libvtkRenderingPythonTkWidgets.so"
[0.881s] but this file does not exist.  Possible reasons include:
[0.882s] * The file was deleted, renamed, or moved to another location.
[0.882s] * An install or uninstall procedure did not complete successfully.
[0.882s] * The installation package was faulty and contained
[0.882s]    "/usr/lib/cmake/vtk-7.1/VTKTargets.cmake"
[0.882s] but not all the files it references.
[0.883s] 
[0.883s] -- The imported target "vtk" references the file
[0.883s]    "/usr/bin/vtk"
[0.883s] but this file does not exist.  Possible reasons include:
[0.883s] * The file was deleted, renamed, or moved to another location.
[0.884s] * An install or uninstall procedure did not complete successfully.
[0.884s] * The installation package was faulty and contained
[0.884s]    "/usr/lib/cmake/vtk-7.1/VTKTargets.cmake"
[0.884s] but not all the files it references.
[0.884s] 
[0.885s] -- The imported target "pvtk" references the file
[0.885s]    "/usr/bin/pvtk"
[0.885s] but this file does not exist.  Possible reasons include:
[0.885s] * The file was deleted, renamed, or moved to another location.
[0.885s] * An install or uninstall procedure did not complete successfully.
[0.886s] * The installation package was faulty and contained
[0.886s]    "/usr/lib/cmake/vtk-7.1/VTKTargets.cmake"
[0.886s] but not all the files it references.
[0.886s] 
[0.905s] -- Checking for module 'libusb-1.0'
[0.910s] --   No package 'libusb-1.0' found
[0.913s] -- Could NOT find USB_10 (missing: USB_10_LIBRARY USB_10_INCLUDE_DIR) 
[0.914s] -- OpenNI disabled because libusb-1.0 not found.
[0.914s] ** WARNING ** io features related to openni will be disabled
[0.919s] -- Checking for module 'libusb-1.0'
[0.922s] --   No package 'libusb-1.0' found
[0.925s] -- Could NOT find USB_10 (missing: USB_10_LIBRARY USB_10_INCLUDE_DIR) 
[0.925s] -- OpenNI 2 disabled because libusb-1.0 not found.
[0.926s] ** WARNING ** io features related to openni2 will be disabled
[0.926s] ** WARNING ** io features related to pcap will be disabled
[0.926s] ** WARNING ** io features related to png will be disabled
[0.946s] -- LIBUSB_1_LIBRARY (missing: LIBUSB_1_INCLUDE_DIR) 
[0.946s] ** WARNING ** io features related to libusb-1.0 will be disabled
[0.951s] -- Checking for module 'libusb-1.0'
[0.956s] --   No package 'libusb-1.0' found
[0.959s] -- Could NOT find USB_10 (missing: USB_10_LIBRARY USB_10_INCLUDE_DIR) 
[0.960s] -- OpenNI disabled because libusb-1.0 not found.
[0.960s] ** WARNING ** visualization features related to openni will be disabled
[0.970s] -- Checking for module 'libusb-1.0'
[0.977s] --   No package 'libusb-1.0' found
[0.984s] -- Could NOT find USB_10 (missing: USB_10_LIBRARY USB_10_INCLUDE_DIR) 
[0.984s] -- OpenNI 2 disabled because libusb-1.0 not found.
[0.984s] ** WARNING ** visualization features related to openni2 will be disabled
[1.007s] -- QHULL found (include: /usr/include, lib: optimized;/usr/lib/x86_64-linux-gnu/libqhull.so;debug;/usr/lib/x86_64-linux-gnu/libqhull.so)
[1.012s] -- Checking for module 'libusb-1.0'
[1.017s] --   No package 'libusb-1.0' found
[1.022s] -- Could NOT find USB_10 (missing: USB_10_LIBRARY USB_10_INCLUDE_DIR) 
[1.023s] -- OpenNI disabled because libusb-1.0 not found.
[1.023s] ** WARNING ** apps features related to openni will be disabled
[1.043s] -- looking for PCL_COMMON
[1.043s] -- looking for PCL_KDTREE
[1.044s] -- looking for PCL_OCTREE
[1.044s] -- looking for PCL_SEARCH
[1.045s] -- looking for PCL_SAMPLE_CONSENSUS
[1.046s] -- looking for PCL_FILTERS
[1.046s] -- looking for PCL_2D
[1.047s] -- looking for PCL_GEOMETRY
[1.047s] -- looking for PCL_IO
[1.048s] -- looking for PCL_FEATURES
[1.048s] -- looking for PCL_ML
[1.049s] -- looking for PCL_SEGMENTATION
[1.050s] -- looking for PCL_VISUALIZATION
[1.051s] -- looking for PCL_SURFACE
[1.051s] -- looking for PCL_REGISTRATION
[1.052s] -- looking for PCL_KEYPOINTS
[1.053s] -- looking for PCL_TRACKING
[1.053s] -- looking for PCL_RECOGNITION
[1.054s] -- looking for PCL_STEREO
[1.055s] -- looking for PCL_APPS
[1.056s] -- looking for PCL_IN_HAND_SCANNER
[1.056s] -- looking for PCL_POINT_CLOUD_EDITOR
[1.057s] -- looking for PCL_OUTOFCORE
[1.058s] -- looking for PCL_PEOPLE
[1.060s] -- Found ament_lint_auto: 0.10.6 (/opt/ros/galactic/share/ament_lint_auto/cmake)
[1.133s] -- Added test 'copyright' to check source files copyright and LICENSE
[1.134s] -- Added test 'cppcheck' to perform static code analysis on C / C++ code
[1.134s] -- Configured cppcheck include dirs: 
[1.134s] -- Configured cppcheck exclude dirs and/or files: 
[1.135s] -- Added test 'cpplint' to check C / C++ code against the Google style
[1.135s] -- Configured cpplint exclude dirs and/or files: 
[1.135s] -- Added test 'lint_cmake' to check CMake code style
[1.136s] -- Added test 'uncrustify' to check C / C++ code style
[1.136s] -- Configured uncrustify additional arguments: 
[1.137s] -- Added test 'xmllint' to check XML markup files
[1.139s] -- Configuring done
[1.148s] -- Generating done
[1.150s] -- Build files have been written to: /home/arvid/Documents/ros2/ws/build/lidar_cpp
[1.201s] [ 50%] [32mBuilding CXX object CMakeFiles/lidar.dir/src/lidar_publisher.cpp.o[0m
[1.335s] [01m[K/home/arvid/Documents/ros2/ws/src/lidar_cpp/src/lidar_publisher.cpp:8:10:[m[K [01;31m[Kfatal error: [m[Kpcl/point_cloud.h: No such file or directory
[1.336s]     8 | #include [01;31m[K"pcl/point_cloud.h"[m[K
[1.336s]       |          [01;31m[K^~~~~~~~~~~~~~~~~~~[m[K
[1.336s] compilation terminated.
[1.339s] make[2]: *** [CMakeFiles/lidar.dir/build.make:63: CMakeFiles/lidar.dir/src/lidar_publisher.cpp.o] Error 1
[1.340s] make[1]: *** [CMakeFiles/Makefile2:78: CMakeFiles/lidar.dir/all] Error 2
[1.340s] make: *** [Makefile:141: all] Error 2
[1.344s] Invoked command in '/home/arvid/Documents/ros2/ws/build/lidar_cpp' returned '2': CMAKE_PREFIX_PATH=/opt/ros/galactic /usr/bin/cmake --build /home/arvid/Documents/ros2/ws/build/lidar_cpp -- -j12 -l12
